2014-05-26 13:27:08,355 - faoextractor - INFO - Reading files...
2014-05-26 13:27:09,691 - faoextractor - INFO - Done with Excel file open_budget_index_indicator.xlsx
2014-05-26 13:27:10,299 - faoextractor - INFO - Done with Excel file 2013-corruption_perception_index_indicator.xlsx
2014-05-26 13:27:13,637 - faoextractor - INFO - Done with Excel file worldwide_governance_indicators.xlsx
2014-05-26 13:27:13,638 - faoextractor - INFO - Updating ini file
2014-05-26 13:27:13,640 - faoextractor - INFO - Done!
2014-05-26 13:33:57,365 - faoextractor - INFO - Reading files...
2014-05-26 13:33:58,664 - faoextractor - INFO - Done with Excel file open_budget_index_indicator.xlsx
2014-05-26 13:33:59,158 - faoextractor - INFO - Done with Excel file 2013-corruption_perception_index_indicator.xlsx
2014-05-26 13:34:02,545 - faoextractor - INFO - Done with Excel file worldwide_governance_indicators.xlsx
2014-05-26 13:34:02,546 - faoextractor - INFO - Updating ini file
2014-05-26 13:34:02,549 - faoextractor - INFO - Done!
2014-05-26 13:34:12,602 - faoextractor - INFO - Reading files...
2014-05-26 13:34:13,954 - faoextractor - INFO - Done with Excel file open_budget_index_indicator.xlsx
2014-05-26 13:34:14,437 - faoextractor - INFO - Done with Excel file 2013-corruption_perception_index_indicator.xlsx
2014-05-26 13:34:17,503 - faoextractor - INFO - Done with Excel file worldwide_governance_indicators.xlsx
2014-05-26 13:34:17,505 - faoextractor - INFO - Updating ini file
2014-05-26 13:34:17,506 - faoextractor - INFO - Done!
2014-05-26 13:34:29,398 - faoextractor - INFO - Reading files...
2014-05-26 13:34:30,673 - faoextractor - INFO - Done with Excel file open_budget_index_indicator.xlsx
2014-05-26 13:34:31,240 - faoextractor - INFO - Done with Excel file 2013-corruption_perception_index_indicator.xlsx
2014-05-26 13:34:34,247 - faoextractor - INFO - Done with Excel file worldwide_governance_indicators.xlsx
2014-05-26 13:34:34,250 - faoextractor - INFO - Updating ini file
2014-05-26 13:34:34,250 - faoextractor - INFO - Done!
2014-05-26 13:37:34,573 - faoextractor - INFO - Reading files...
2014-05-26 13:37:35,846 - faoextractor - INFO - Done with Excel file open_budget_index_indicator.xlsx
2014-05-26 13:37:36,334 - faoextractor - INFO - Done with Excel file 2013-corruption_perception_index_indicator.xlsx
2014-05-26 13:37:39,657 - faoextractor - INFO - Done with Excel file worldwide_governance_indicators.xlsx
2014-05-26 13:37:39,660 - faoextractor - INFO - Updating ini file
2014-05-26 13:37:39,661 - faoextractor - INFO - Done!
