2014-01-21 09:16:53,835 - landmatrixlog - INFO - Running Land matrix xml extractor...
2014-01-21 09:18:55,176 - landmatrixlog - INFO - Land matrix xml extractor finished
2014-05-08 11:11:54,759 - landmatrixlog - INFO - Running Land matrix xml extractor...
2014-05-08 11:11:57,503 - landmatrixlog - INFO - Land matrix xml extractor finished
2014-05-08 11:12:30,303 - landmatrixlog - INFO - Running Land matrix xml extractor...
2014-05-08 11:12:34,039 - landmatrixlog - INFO - Land matrix xml extractor finished
2014-05-08 11:12:58,325 - landmatrixlog - INFO - Running Land matrix xml extractor...
2014-05-08 11:13:00,959 - landmatrixlog - INFO - Land matrix xml extractor finished
2014-05-12 13:09:41,207 - landmatrixlog - INFO - Running Land matrix xml extractor...
2014-05-12 13:10:03,963 - landmatrixlog - INFO - Land matrix xml extractor finished
2014-05-14 14:50:20,697 - lmextractor - INFO - Running Land matrix xml extractor...
2014-05-14 14:50:22,946 - lmextractor - INFO - Land matrix xml extractor finished
2014-05-15 13:35:26,121 - lmextractor - INFO - Running Land matrix xml extractor...
2014-05-15 13:35:28,305 - lmextractor - INFO - Land matrix xml extractor finished
2014-05-15 13:35:39,232 - lmextractor - ERROR - While trying to incropore raw info into our model: Error wuile sendig info to te receiver module: Error while building xml file. Unrecognized import process: xml
2014-05-15 13:37:14,299 - lmextractor - INFO - Running Land matrix xml extractor...
2014-05-15 13:37:16,214 - lmextractor - INFO - Land matrix xml extractor finished
2014-05-15 13:37:26,592 - lmextractor - ERROR - While trying to incropore raw info into our model: Error wuile sendig info to te receiver module: Error while building xml file. Unrecognized import process: xml
2014-05-15 13:38:37,398 - lmextractor - INFO - Running Land matrix xml extractor...
2014-05-15 13:38:39,326 - lmextractor - INFO - Land matrix xml extractor finished
2014-05-15 13:38:49,960 - lmextractor - ERROR - While trying to incropore raw info into our model: Error wuile sendig info to te receiver module: Error while building xml file. Unrecognized import process: xml
2014-05-15 13:40:57,111 - lmextractor - INFO - Running Land matrix xml extractor...
2014-05-15 13:40:59,282 - lmextractor - INFO - Land matrix xml extractor finished
2014-05-19 19:02:08,154 - lmextractor - INFO - Running Land matrix xml extractor...
2014-05-19 19:02:10,108 - lmextractor - INFO - Land matrix xml extractor finished
2014-05-26 12:01:31,834 - lmextractor - INFO - Running Land matrix xml extractor...
2014-05-26 12:01:33,739 - lmextractor - INFO - Land matrix xml extractor finished
2014-05-26 12:01:33,740 - lmextractor - ERROR - While trying to incropore raw info into our model: No option 'url_logo' in section: 'ORGANIZATION'
2014-05-26 12:02:54,417 - lmextractor - INFO - Running Land matrix xml extractor...
2014-05-26 12:02:56,394 - lmextractor - INFO - Land matrix xml extractor finished
2014-05-26 12:02:56,394 - lmextractor - ERROR - While trying to incropore raw info into our model: No option 'url_logo' in section: 'ORGANIZATION'
2014-05-26 12:03:20,687 - lmextractor - INFO - Running Land matrix xml extractor...
2014-05-26 12:03:22,802 - lmextractor - INFO - Land matrix xml extractor finished
2014-06-02 13:37:40,687 - lmextractor - INFO - Running Land matrix xml extractor...
2014-06-02 13:37:42,836 - lmextractor - INFO - Land matrix xml extractor finished
2014-06-02 13:37:52,539 - lmextractor - ERROR - While trying to incropore raw info into our model: Error wuile sendig info to te receiver module: Error while persisting the builded xml. 
2014-06-02 13:41:29,270 - lmextractor - INFO - Running Land matrix xml extractor...
2014-06-02 13:41:31,131 - lmextractor - INFO - Land matrix xml extractor finished
2014-06-18 11:17:15,970 - lmextractor - INFO - Running Land matrix xml extractor...
2014-06-18 11:17:18,440 - lmextractor - INFO - Land matrix xml extractor finished
2014-06-18 11:17:27,792 - lmextractor - ERROR - While trying to incropore raw info into our model: Error wuile sendig info to te receiver module: Error while persisting the builded xml. 
2014-06-18 11:19:31,122 - lmextractor - INFO - Running Land matrix xml extractor...
2014-06-18 11:19:33,365 - lmextractor - INFO - Land matrix xml extractor finished
