2014-05-26 13:06:51,457 - faoextractor - INFO - Reading files...
2014-05-26 13:06:51,763 - faoextractor - INFO - Done with Excel file Land_operated_by_tenure_type 2000.xls
2014-05-26 13:06:51,934 - faoextractor - INFO - Done with Excel file  Land_tenure 2000.xls
2014-05-26 13:06:52,147 - faoextractor - INFO - Done with Excel file  Land tenure_1970.1980.1990.xlsx
2014-05-26 13:06:52,148 - faoextractor - ERROR - OOPS! Something went wrong __init__() takes at least 5 arguments (4 given)
2014-05-28 13:25:46,092 - faoextractor - INFO - Reading files...
2014-05-28 13:25:46,369 - faoextractor - INFO - Done with Excel file Land_operated_by_tenure_type 2000.xls
2014-05-28 13:25:46,517 - faoextractor - INFO - Done with Excel file  Land_tenure 2000.xls
2014-05-28 13:25:46,717 - faoextractor - INFO - Done with Excel file  Land tenure_1970.1980.1990.xlsx
2014-05-28 13:25:46,792 - faoextractor - ERROR - OOPS! Something went wrong Error while persisting the builded xml. 
2014-05-28 13:28:46,614 - faoextractor - INFO - Reading files...
2014-05-28 13:28:46,930 - faoextractor - INFO - Done with Excel file Land_operated_by_tenure_type 2000.xls
2014-05-28 13:28:47,151 - faoextractor - INFO - Done with Excel file  Land_tenure 2000.xls
2014-05-28 13:28:47,447 - faoextractor - INFO - Done with Excel file  Land tenure_1970.1980.1990.xlsx
2014-05-28 13:28:47,572 - faoextractor - ERROR - OOPS! Something went wrong Error while persisting the builded xml. 
2014-05-28 13:30:07,818 - faoextractor - INFO - Reading files...
2014-05-28 13:30:08,075 - faoextractor - INFO - Done with Excel file Land_operated_by_tenure_type 2000.xls
2014-05-28 13:30:08,227 - faoextractor - INFO - Done with Excel file  Land_tenure 2000.xls
2014-05-28 13:30:08,479 - faoextractor - INFO - Done with Excel file  Land tenure_1970.1980.1990.xlsx
2014-05-28 13:30:08,572 - faoextractor - ERROR - OOPS! Something went wrong Error while persisting the builded xml. cannot serialize ['C:\\Users\\Dani\\Documents\\EII\\WESO\\wesopace\\FAOAgriculturalCensuesImporter\\data\\Land_operated_by_tenure_type 2000.xls', 'C:\\Users\\Dani\\Documents\\EII\\WESO\\wesopace\\FAOAgriculturalCensuesImporter\\data\\Land_tenure 2000.xls', 'C:\\Users\\Dani\\Documents\\EII\\WESO\\wesopace\\FAOAgriculturalCensuesImporter\\data\\Land tenure_1970.1980.1990.xlsx'] (type list)
2014-05-28 13:37:42,470 - faoextractor - INFO - Reading files...
2014-05-28 13:37:42,717 - faoextractor - INFO - Done with Excel file Land_operated_by_tenure_type 2000.xls
2014-05-28 13:37:42,862 - faoextractor - INFO - Done with Excel file  Land_tenure 2000.xls
2014-05-28 13:37:43,059 - faoextractor - INFO - Done with Excel file  Land tenure_1970.1980.1990.xlsx
2014-05-28 13:37:43,132 - faoextractor - ERROR - OOPS! Something went wrong Error while persisting the builded xml. cannot serialize ['C:\\Users\\Dani\\Documents\\EII\\WESO\\wesopace\\FAOAgriculturalCensuesImporter\\data\\Land_operated_by_tenure_type 2000.xls', 'C:\\Users\\Dani\\Documents\\EII\\WESO\\wesopace\\FAOAgriculturalCensuesImporter\\data\\Land_tenure 2000.xls', 'C:\\Users\\Dani\\Documents\\EII\\WESO\\wesopace\\FAOAgriculturalCensuesImporter\\data\\Land tenure_1970.1980.1990.xlsx'] (type list)
2014-05-28 14:56:14,963 - faoextractor - INFO - Reading files...
2014-05-28 14:56:15,210 - faoextractor - INFO - Done with Excel file Land_operated_by_tenure_type 2000.xls
2014-05-28 14:56:15,357 - faoextractor - INFO - Done with Excel file  Land_tenure 2000.xls
2014-05-28 14:56:15,553 - faoextractor - INFO - Done with Excel file  Land tenure_1970.1980.1990.xlsx
2014-05-28 14:58:24,549 - faoextractor - INFO - Reading files...
2014-05-28 14:58:24,832 - faoextractor - INFO - Done with Excel file Land_operated_by_tenure_type 2000.xls
2014-05-28 14:58:24,999 - faoextractor - INFO - Done with Excel file  Land_tenure 2000.xls
2014-05-28 14:58:25,233 - faoextractor - INFO - Done with Excel file  Land tenure_1970.1980.1990.xlsx
2014-05-28 14:58:53,407 - faoextractor - INFO - Reading files...
2014-05-28 14:58:53,677 - faoextractor - INFO - Done with Excel file Land_operated_by_tenure_type 2000.xls
2014-05-28 14:58:53,869 - faoextractor - INFO - Done with Excel file  Land_tenure 2000.xls
2014-05-28 14:58:54,085 - faoextractor - INFO - Done with Excel file  Land tenure_1970.1980.1990.xlsx
2014-05-28 15:07:28,187 - faoextractor - INFO - Reading files...
2014-05-28 15:07:28,516 - faoextractor - INFO - Done with Excel file Land_operated_by_tenure_type 2000.xls
2014-05-28 15:07:28,716 - faoextractor - INFO - Done with Excel file  Land_tenure 2000.xls
2014-05-28 15:07:29,009 - faoextractor - INFO - Done with Excel file  Land tenure_1970.1980.1990.xlsx
2014-05-28 15:07:29,407 - faoextractor - INFO - Updating ini file
2014-05-28 15:07:29,408 - faoextractor - INFO - Done!
2014-05-28 15:29:34,931 - faoextractor - INFO - Reading files...
2014-05-28 15:29:35,226 - faoextractor - INFO - Done with Excel file Land_operated_by_tenure_type 2000.xls
2014-05-28 15:29:35,397 - faoextractor - INFO - Done with Excel file  Land_tenure 2000.xls
2014-05-28 15:29:35,624 - faoextractor - INFO - Done with Excel file  Land tenure_1970.1980.1990.xlsx
2014-05-28 15:29:36,017 - faoextractor - INFO - Updating ini file
2014-05-28 15:29:36,019 - faoextractor - INFO - Done!
2014-05-28 15:29:44,128 - faoextractor - INFO - Reading files...
2014-05-28 15:29:44,414 - faoextractor - INFO - Done with Excel file Land_operated_by_tenure_type 2000.xls
2014-05-28 15:29:44,599 - faoextractor - INFO - Done with Excel file  Land_tenure 2000.xls
2014-05-28 15:29:44,881 - faoextractor - INFO - Done with Excel file  Land tenure_1970.1980.1990.xlsx
2014-05-28 15:29:45,237 - faoextractor - INFO - Updating ini file
2014-05-28 15:29:45,239 - faoextractor - INFO - Done!
2014-05-28 15:29:48,453 - faoextractor - INFO - Reading files...
2014-05-28 15:29:48,750 - faoextractor - INFO - Done with Excel file Land_operated_by_tenure_type 2000.xls
2014-05-28 15:29:48,921 - faoextractor - INFO - Done with Excel file  Land_tenure 2000.xls
2014-05-28 15:29:49,173 - faoextractor - INFO - Done with Excel file  Land tenure_1970.1980.1990.xlsx
2014-05-28 15:29:49,536 - faoextractor - INFO - Updating ini file
2014-05-28 15:29:49,539 - faoextractor - INFO - Done!
2014-05-28 15:33:05,311 - faoextractor - INFO - Reading files...
2014-05-28 15:33:05,553 - faoextractor - INFO - Done with Excel file Land_operated_by_tenure_type 2000.xls
2014-05-28 15:33:05,710 - faoextractor - INFO - Done with Excel file  Land_tenure 2000.xls
2014-05-28 15:33:05,908 - faoextractor - INFO - Done with Excel file  Land tenure_1970.1980.1990.xlsx
2014-05-28 15:33:06,292 - faoextractor - INFO - Updating ini file
2014-05-28 15:33:06,293 - faoextractor - INFO - Done!
2014-05-28 15:33:09,467 - faoextractor - INFO - Reading files...
2014-05-28 15:33:09,752 - faoextractor - INFO - Done with Excel file Land_operated_by_tenure_type 2000.xls
2014-05-28 15:33:09,927 - faoextractor - INFO - Done with Excel file  Land_tenure 2000.xls
2014-05-28 15:33:10,171 - faoextractor - INFO - Done with Excel file  Land tenure_1970.1980.1990.xlsx
2014-05-28 15:33:10,551 - faoextractor - INFO - Updating ini file
2014-05-28 15:33:10,552 - faoextractor - INFO - Done!
2014-05-28 15:33:19,904 - faoextractor - INFO - Reading files...
2014-05-28 15:33:20,184 - faoextractor - INFO - Done with Excel file Land_operated_by_tenure_type 2000.xls
2014-05-28 15:33:20,365 - faoextractor - INFO - Done with Excel file  Land_tenure 2000.xls
2014-05-28 15:33:20,575 - faoextractor - INFO - Done with Excel file  Land tenure_1970.1980.1990.xlsx
2014-05-28 15:33:20,951 - faoextractor - INFO - Updating ini file
2014-05-28 15:33:20,953 - faoextractor - INFO - Done!
