2014-01-15 00:10:35,680 - ipfriextractor - INFO - Initializing data extraction from IPFRI...
2014-01-15 00:10:35,762 - ipfriextractor - INFO - Tracking data from http://www.ifpri.org/sites/default/files/ghi2012datam.xlsx ...
2014-01-15 00:10:37,077 - ipfriextractor - INFO - Tracking data from http://www.ifpri.org/sites/default/files/ghi2012datam.xlsx ended.
2014-01-15 00:10:37,078 - ipfriextractor - INFO - Tracking data from http://www.ifpri.org/sites/default/files/ghi2013datam.xlsx ...
2014-01-15 00:10:38,719 - ipfriextractor - INFO - Tracking data from http://www.ifpri.org/sites/default/files/ghi2013datam.xlsx ended.
2014-01-15 00:10:38,720 - ipfriextractor - INFO - Data extraction from IPFRI ended
2014-01-15 00:13:23,223 - ipfriextractor - INFO - Initializing data extraction from IPFRI...
2014-01-15 00:13:23,253 - ipfriextractor - INFO - Tracking data from http://www.ifpri.org/sites/default/files/ghi2012datam.xlsx ...
2014-01-15 00:13:24,013 - ipfriextractor - INFO - Tracking data from http://www.ifpri.org/sites/default/files/ghi2012datam.xlsx ended.
2014-01-15 00:13:24,014 - ipfriextractor - INFO - Tracking data from http://www.ifpri.org/sites/default/files/ghi2013datam.xlsx ...
2014-01-15 00:13:25,724 - ipfriextractor - INFO - Tracking data from http://www.ifpri.org/sites/default/files/ghi2013datam.xlsx ended.
2014-01-15 00:13:25,725 - ipfriextractor - INFO - Data extraction from IPFRI ended
2014-01-15 09:48:20,289 - ipfriextractor - INFO - Initializing data extraction from IPFRI...
2014-01-15 09:48:20,335 - ipfriextractor - INFO - Tracking data from http://www.ifpri.org/sites/default/files/ghi2012datam.xlsx ...
2014-01-15 09:48:20,338 - ipfriextractor - ERROR - Unable to download info from 2012. Data of that year will be ignored
Traceback (most recent call last):
  File "C:\Users\Dani\Documents\EII\WESO\wesopace\IpfriExtractor\es\weso\extractor\IpfriExtractor.py", line 65, in download_year_data
    urllib2.Request.urlretrieve(valid_url, "XLS_info" + str(year) + ".xlsx")
AttributeError: 'classobj' object has no attribute 'urlretrieve'
2014-01-15 09:48:20,373 - ipfriextractor - INFO - Tracking data from http://www.ifpri.org/sites/default/files/ghi2013datam.xlsx ...
2014-01-15 09:48:20,374 - ipfriextractor - ERROR - Unable to download info from 2013. Data of that year will be ignored
Traceback (most recent call last):
  File "C:\Users\Dani\Documents\EII\WESO\wesopace\IpfriExtractor\es\weso\extractor\IpfriExtractor.py", line 65, in download_year_data
    urllib2.Request.urlretrieve(valid_url, "XLS_info" + str(year) + ".xlsx")
AttributeError: 'classobj' object has no attribute 'urlretrieve'
2014-01-15 09:48:20,391 - ipfriextractor - INFO - Data extraction from IPFRI ended
2014-01-15 09:56:58,268 - ipfriextractor - INFO - Initializing data extraction from IPFRI...
2014-01-15 09:56:58,300 - ipfriextractor - INFO - Tracking data from http://www.ifpri.org/sites/default/files/ghi2012datam.xlsx ...
2014-01-15 09:56:59,957 - ipfriextractor - INFO - Tracking data from http://www.ifpri.org/sites/default/files/ghi2012datam.xlsx ended.
2014-01-15 09:56:59,958 - ipfriextractor - INFO - Tracking data from http://www.ifpri.org/sites/default/files/ghi2013datam.xlsx ...
2014-01-15 09:57:00,715 - ipfriextractor - INFO - Tracking data from http://www.ifpri.org/sites/default/files/ghi2013datam.xlsx ended.
2014-01-15 09:57:00,716 - ipfriextractor - INFO - Data extraction from IPFRI ended
2014-01-15 10:08:23,822 - ipfriextractor - INFO - Initializing data extraction from IPFRI...
2014-01-15 10:08:23,853 - ipfriextractor - INFO - Tracking data from http://www.ifpri.org/sites/default/files/ghi2012datam.xlsx ...
2014-01-15 10:08:24,462 - ipfriextractor - ERROR - Unable to download info from 2012. Data of that year will be ignored
Traceback (most recent call last):
  File "C:\Users\Dani\Documents\EII\WESO\wesopace\IpfriExtractor\es\weso\extractor\IpfriExtractor.py", line 64, in download_year_data
    self.downloading_action(valid_url, "TestXLS" + str(year) + ".xlsx")
  File "C:\Users\Dani\Documents\EII\WESO\wesopace\IpfriExtractor\es\weso\extractor\IpfriExtractor.py", line 78, in downloading_action
    tamano_archivo = content.info().getheaders("Content-Length")[0] / 1024 #size in kbs
TypeError: unsupported operand type(s) for /: 'str' and 'int'
2014-01-15 10:08:24,496 - ipfriextractor - INFO - Tracking data from http://www.ifpri.org/sites/default/files/ghi2013datam.xlsx ...
2014-01-15 10:08:24,746 - ipfriextractor - ERROR - Unable to download info from 2013. Data of that year will be ignored
Traceback (most recent call last):
  File "C:\Users\Dani\Documents\EII\WESO\wesopace\IpfriExtractor\es\weso\extractor\IpfriExtractor.py", line 64, in download_year_data
    self.downloading_action(valid_url, "TestXLS" + str(year) + ".xlsx")
  File "C:\Users\Dani\Documents\EII\WESO\wesopace\IpfriExtractor\es\weso\extractor\IpfriExtractor.py", line 78, in downloading_action
    tamano_archivo = content.info().getheaders("Content-Length")[0] / 1024 #size in kbs
TypeError: unsupported operand type(s) for /: 'str' and 'int'
2014-01-15 10:08:24,749 - ipfriextractor - INFO - Data extraction from IPFRI ended
2014-01-15 10:08:52,816 - ipfriextractor - INFO - Initializing data extraction from IPFRI...
2014-01-15 10:08:52,848 - ipfriextractor - INFO - Tracking data from http://www.ifpri.org/sites/default/files/ghi2012datam.xlsx ...
2014-01-15 10:08:53,242 - ipfriextractor - ERROR - Unable to download info from 2012. Data of that year will be ignored
Traceback (most recent call last):
  File "C:\Users\Dani\Documents\EII\WESO\wesopace\IpfriExtractor\es\weso\extractor\IpfriExtractor.py", line 64, in download_year_data
    self.downloading_action(valid_url, "TestXLS" + str(year) + ".xlsx")
  File "C:\Users\Dani\Documents\EII\WESO\wesopace\IpfriExtractor\es\weso\extractor\IpfriExtractor.py", line 78, in downloading_action
    tamano_archivo = content.info().getheaders("Content-Length")[0] / 1024 #size in kbs
TypeError: unsupported operand type(s) for /: 'str' and 'int'
2014-01-15 10:08:53,276 - ipfriextractor - INFO - Tracking data from http://www.ifpri.org/sites/default/files/ghi2013datam.xlsx ...
2014-01-15 10:08:53,544 - ipfriextractor - ERROR - Unable to download info from 2013. Data of that year will be ignored
Traceback (most recent call last):
  File "C:\Users\Dani\Documents\EII\WESO\wesopace\IpfriExtractor\es\weso\extractor\IpfriExtractor.py", line 64, in download_year_data
    self.downloading_action(valid_url, "TestXLS" + str(year) + ".xlsx")
  File "C:\Users\Dani\Documents\EII\WESO\wesopace\IpfriExtractor\es\weso\extractor\IpfriExtractor.py", line 78, in downloading_action
    tamano_archivo = content.info().getheaders("Content-Length")[0] / 1024 #size in kbs
TypeError: unsupported operand type(s) for /: 'str' and 'int'
2014-01-15 10:08:53,545 - ipfriextractor - INFO - Data extraction from IPFRI ended
2014-01-15 10:09:27,250 - ipfriextractor - INFO - Initializing data extraction from IPFRI...
2014-01-15 10:09:27,282 - ipfriextractor - INFO - Tracking data from http://www.ifpri.org/sites/default/files/ghi2012datam.xlsx ...
2014-01-15 10:09:27,754 - ipfriextractor - ERROR - Unable to download info from 2012. Data of that year will be ignored
Traceback (most recent call last):
  File "C:\Users\Dani\Documents\EII\WESO\wesopace\IpfriExtractor\es\weso\extractor\IpfriExtractor.py", line 64, in download_year_data
    self.downloading_action(valid_url, "TestXLS" + str(year) + ".xlsx")
  File "C:\Users\Dani\Documents\EII\WESO\wesopace\IpfriExtractor\es\weso\extractor\IpfriExtractor.py", line 78, in downloading_action
    tamano_archivo = content.info().getheaders("Content-Length")[0] / 1024 #size in kbs
TypeError: unsupported operand type(s) for /: 'str' and 'int'
2014-01-15 10:09:27,779 - ipfriextractor - INFO - Tracking data from http://www.ifpri.org/sites/default/files/ghi2013datam.xlsx ...
2014-01-15 10:09:28,078 - ipfriextractor - ERROR - Unable to download info from 2013. Data of that year will be ignored
Traceback (most recent call last):
  File "C:\Users\Dani\Documents\EII\WESO\wesopace\IpfriExtractor\es\weso\extractor\IpfriExtractor.py", line 64, in download_year_data
    self.downloading_action(valid_url, "TestXLS" + str(year) + ".xlsx")
  File "C:\Users\Dani\Documents\EII\WESO\wesopace\IpfriExtractor\es\weso\extractor\IpfriExtractor.py", line 78, in downloading_action
    tamano_archivo = content.info().getheaders("Content-Length")[0] / 1024 #size in kbs
TypeError: unsupported operand type(s) for /: 'str' and 'int'
2014-01-15 10:09:28,080 - ipfriextractor - INFO - Data extraction from IPFRI ended
2014-01-15 10:12:10,842 - ipfriextractor - INFO - Initializing data extraction from IPFRI...
2014-01-15 10:12:10,873 - ipfriextractor - INFO - Tracking data from http://www.ifpri.org/sites/default/files/ghi2012datam.xlsx ...
2014-01-15 10:12:11,269 - ipfriextractor - INFO - Tracking data from http://www.ifpri.org/sites/default/files/ghi2012datam.xlsx ended.
2014-01-15 10:12:11,281 - ipfriextractor - INFO - Tracking data from http://www.ifpri.org/sites/default/files/ghi2013datam.xlsx ...
2014-01-15 10:12:12,042 - ipfriextractor - INFO - Tracking data from http://www.ifpri.org/sites/default/files/ghi2013datam.xlsx ended.
2014-01-15 10:12:12,043 - ipfriextractor - INFO - Data extraction from IPFRI ended
2014-01-15 10:14:15,338 - ipfriextractor - INFO - Initializing data extraction from IPFRI...
2014-01-15 10:14:15,369 - ipfriextractor - INFO - Tracking data from http://www.ifpri.org/sites/default/files/ghi2012datam.xlsx ...
2014-01-15 10:14:16,003 - ipfriextractor - INFO - Tracking data from http://www.ifpri.org/sites/default/files/ghi2012datam.xlsx ended.
2014-01-15 10:14:16,014 - ipfriextractor - INFO - Tracking data from http://www.ifpri.org/sites/default/files/ghi2013datam.xlsx ...
2014-01-15 10:14:16,976 - ipfriextractor - INFO - Tracking data from http://www.ifpri.org/sites/default/files/ghi2013datam.xlsx ended.
2014-01-15 10:14:16,977 - ipfriextractor - INFO - Data extraction from IPFRI ended
2014-01-15 10:34:48,975 - ipfriextractor - INFO - Initializing data extraction from IPFRI...
2014-01-15 10:34:49,007 - ipfriextractor - INFO - Tracking data from http://www.ifpri.org/sites/default/files/ghi2012datam.xlsx ...
2014-01-15 10:34:51,892 - ipfriextractor - INFO - Tracking data from http://www.ifpri.org/sites/default/files/ghi2012datam.xlsx ended.
2014-01-15 10:34:51,893 - ipfriextractor - INFO - Tracking data from http://www.ifpri.org/sites/default/files/ghi2013datam.xlsx ...
2014-01-15 10:34:53,125 - ipfriextractor - INFO - Tracking data from http://www.ifpri.org/sites/default/files/ghi2013datam.xlsx ended.
2014-01-15 10:34:53,126 - ipfriextractor - INFO - Data extraction from IPFRI ended
2014-01-15 10:39:41,125 - ipfriextractor - INFO - Initializing data extraction from IPFRI...
2014-01-15 10:39:41,158 - ipfriextractor - INFO - Tracking data from http://www.ifpri.org/sites/default/files/ghi2012datam.xlsx ...
2014-01-15 10:39:41,577 - ipfriextractor - INFO - Tracking data from http://www.ifpri.org/sites/default/files/ghi2012datam.xlsx ended.
2014-01-15 10:39:41,578 - ipfriextractor - INFO - Tracking data from http://www.ifpri.org/sites/default/files/ghi2013datam.xlsx ...
2014-01-15 10:39:42,529 - ipfriextractor - INFO - Tracking data from http://www.ifpri.org/sites/default/files/ghi2013datam.xlsx ended.
2014-01-15 10:39:42,530 - ipfriextractor - INFO - Data extraction from IPFRI ended
2014-01-15 11:03:17,324 - ipfriextractor - INFO - Initializing data extraction from IPFRI...
2014-01-15 11:03:17,356 - ipfriextractor - INFO - Tracking data from http://www.ifpri.org/sites/default/files/ghi2012datam.xlsx ...
2014-01-15 11:03:18,924 - ipfriextractor - ERROR - Unable to download info from 2012. Data of that year will be ignored
Traceback (most recent call last):
  File "C:\Users\Dani\Documents\EII\WESO\wesopace\IpfriExtractor\es\weso\extractor\IpfriExtractor.py", line 68, in download_year_data
    self.write_binary_to_file(xml_content, self.target_file)
AttributeError: 'IpfriExtractor' object has no attribute 'target_file'
2014-01-15 11:03:18,944 - ipfriextractor - INFO - Tracking data from http://www.ifpri.org/sites/default/files/ghi2013datam.xlsx ...
2014-01-15 11:03:20,951 - ipfriextractor - ERROR - Unable to download info from 2013. Data of that year will be ignored
Traceback (most recent call last):
  File "C:\Users\Dani\Documents\EII\WESO\wesopace\IpfriExtractor\es\weso\extractor\IpfriExtractor.py", line 68, in download_year_data
    self.write_binary_to_file(xml_content, self.target_file)
AttributeError: 'IpfriExtractor' object has no attribute 'target_file'
2014-01-15 11:03:20,956 - ipfriextractor - INFO - Data extraction from IPFRI ended
2014-01-15 11:09:25,039 - ipfriextractor - INFO - Initializing data extraction from IPFRI...
2014-01-15 11:09:25,072 - ipfriextractor - INFO - Tracking data from http://www.ifpri.org/sites/default/files/ghi2012datam.xlsx ...
2014-01-15 11:09:26,553 - ipfriextractor - ERROR - Unable to download info from 2012. Data of that year will be ignored
Traceback (most recent call last):
  File "C:\Users\Dani\Documents\EII\WESO\wesopace\IpfriExtractor\es\weso\extractor\IpfriExtractor.py", line 68, in download_year_data
    self.write_binary_to_file(xml_content, self.target_file)
AttributeError: 'IpfriExtractor' object has no attribute 'target_file'
2014-01-15 11:09:26,571 - ipfriextractor - INFO - Tracking data from http://www.ifpri.org/sites/default/files/ghi2013datam.xlsx ...
2014-01-15 11:09:28,306 - ipfriextractor - ERROR - Unable to download info from 2013. Data of that year will be ignored
Traceback (most recent call last):
  File "C:\Users\Dani\Documents\EII\WESO\wesopace\IpfriExtractor\es\weso\extractor\IpfriExtractor.py", line 68, in download_year_data
    self.write_binary_to_file(xml_content, self.target_file)
AttributeError: 'IpfriExtractor' object has no attribute 'target_file'
2014-01-15 11:09:28,311 - ipfriextractor - INFO - Data extraction from IPFRI ended
2014-01-15 11:10:53,172 - ipfriextractor - INFO - Initializing data extraction from IPFRI...
2014-01-15 11:10:53,204 - ipfriextractor - INFO - Tracking data from http://www.ifpri.org/sites/default/files/ghi2012datam.xlsx ...
2014-01-15 11:10:53,667 - ipfriextractor - ERROR - Unable to download info from 2012. Data of that year will be ignored
Traceback (most recent call last):
  File "C:\Users\Dani\Documents\EII\WESO\wesopace\IpfriExtractor\es\weso\extractor\IpfriExtractor.py", line 68, in download_year_data
    self.write_binary_to_file(xml_content, self.target_file)
AttributeError: 'IpfriExtractor' object has no attribute 'target_file'
2014-01-15 11:10:53,685 - ipfriextractor - INFO - Tracking data from http://www.ifpri.org/sites/default/files/ghi2013datam.xlsx ...
2014-01-15 11:10:55,288 - ipfriextractor - ERROR - Unable to download info from 2013. Data of that year will be ignored
Traceback (most recent call last):
  File "C:\Users\Dani\Documents\EII\WESO\wesopace\IpfriExtractor\es\weso\extractor\IpfriExtractor.py", line 68, in download_year_data
    self.write_binary_to_file(xml_content, self.target_file)
AttributeError: 'IpfriExtractor' object has no attribute 'target_file'
2014-01-15 11:10:55,292 - ipfriextractor - INFO - Data extraction from IPFRI ended
2014-01-15 11:12:13,546 - ipfriextractor - INFO - Initializing data extraction from IPFRI...
2014-01-15 11:12:13,608 - ipfriextractor - INFO - Tracking data from http://www.ifpri.org/sites/default/files/ghi2012datam.xlsx ...
2014-01-15 11:13:32,877 - ipfriextractor - INFO - Initializing data extraction from IPFRI...
2014-01-15 11:13:32,908 - ipfriextractor - INFO - Tracking data from http://www.ifpri.org/sites/default/files/ghi2012datam.xlsx ...
2014-01-15 11:13:33,362 - ipfriextractor - INFO - Tracking data from http://www.ifpri.org/sites/default/files/ghi2012datam.xlsx ended.
2014-01-15 11:13:33,363 - ipfriextractor - INFO - Tracking data from http://www.ifpri.org/sites/default/files/ghi2013datam.xlsx ...
2014-01-15 11:13:36,698 - ipfriextractor - INFO - Tracking data from http://www.ifpri.org/sites/default/files/ghi2013datam.xlsx ended.
2014-01-15 11:13:36,699 - ipfriextractor - INFO - Data extraction from IPFRI ended
2014-01-15 18:04:58,580 - ipfriextractor - INFO - Initializing data extraction from IPFRI...
2014-01-15 18:04:58,646 - ipfriextractor - INFO - Tracking data from http://www.ifpri.org/sites/default/files/ghi2012datam.xlsx ...
2014-01-15 18:04:59,597 - ipfriextractor - INFO - Tracking data from http://www.ifpri.org/sites/default/files/ghi2012datam.xlsx ended.
2014-01-15 18:04:59,598 - ipfriextractor - INFO - Tracking data from http://www.ifpri.org/sites/default/files/ghi2013datam.xlsx ...
2014-01-15 18:05:01,377 - ipfriextractor - INFO - Tracking data from http://www.ifpri.org/sites/default/files/ghi2013datam.xlsx ended.
2014-01-15 18:05:01,378 - ipfriextractor - INFO - Data extraction from IPFRI ended
2014-01-15 19:09:34,958 - ipfriextractor - INFO - Initializing data extraction from IPFRI...
2014-01-15 19:09:34,993 - ipfriextractor - INFO - Tracking data from http://www.ifpri.org/sites/default/files/ghi2012datam.xlsx ...
2014-01-15 19:09:35,738 - ipfriextractor - INFO - Tracking data from http://www.ifpri.org/sites/default/files/ghi2012datam.xlsx ended.
2014-01-15 19:09:35,739 - ipfriextractor - INFO - Tracking data from http://www.ifpri.org/sites/default/files/ghi2013datam.xlsx ...
2014-01-15 19:09:37,079 - ipfriextractor - INFO - Tracking data from http://www.ifpri.org/sites/default/files/ghi2013datam.xlsx ended.
2014-01-15 19:09:37,080 - ipfriextractor - INFO - Data extraction from IPFRI ended
