2014-01-16 19:25:25,557 - UNDP_extractor - INFO - Initializing data extraction from UNDP...
2014-01-16 19:25:25,597 - UNDP_extractor - INFO - Extracting data form Table 1: Human Development Index and its Components, with URL http://data.undp.org/resource/wxub-qc5k.xml...
2014-01-16 19:25:28,707 - UNDP_extractor - INFO - data from Table 1: Human Development Index and its Components extracted.
2014-01-16 19:25:28,709 - UNDP_extractor - INFO - Extracting data form Table 2: Human Development Index Trends, with URL http://data.undp.org/resource/efc4-gjvq.xml...
2014-01-16 19:25:31,343 - UNDP_extractor - INFO - data from Table 2: Human Development Index Trends extracted.
2014-01-16 19:25:31,345 - UNDP_extractor - INFO - Extracting data form Table 3: Inequality-Adjusted Human Development, with URL http://data.undp.org/resource/9jnv-7hyp.xml...
2014-01-16 19:25:34,605 - UNDP_extractor - INFO - data from Table 3: Inequality-Adjusted Human Development extracted.
2014-01-16 19:25:34,606 - UNDP_extractor - INFO - Extracting data form Table 4: Gender Inequality Index, with URL http://data.undp.org/resource/pq34-nwq7.xml...
2014-01-16 19:25:38,130 - UNDP_extractor - INFO - data from Table 4: Gender Inequality Index extracted.
2014-01-16 19:25:38,131 - UNDP_extractor - INFO - Extracting data form Table 5: Multidimensional Poverty Index, with URL http://data.undp.org/resource/7p2z-5b33.xml...
2014-01-16 19:25:41,407 - UNDP_extractor - INFO - data from Table 5: Multidimensional Poverty Index extracted.
2014-01-16 19:25:41,408 - UNDP_extractor - INFO - Extracting data form Table 6: Command Over Resources, with URL http://data.undp.org/resource/ti85-2nvi.xml...
2014-01-16 19:25:44,064 - UNDP_extractor - INFO - data from Table 6: Command Over Resources extracted.
2014-01-16 19:25:44,065 - UNDP_extractor - INFO - Extracting data form Table 7: Health, with URL http://data.undp.org/resource/mvtz-nsye.xml...
2014-01-16 19:25:47,228 - UNDP_extractor - INFO - data from Table 7: Health extracted.
2014-01-16 19:25:47,229 - UNDP_extractor - INFO - Extracting data form Table 8: Education, with URL http://data.undp.org/resource/mvtz-nsye.xml...
2014-01-16 19:25:51,875 - UNDP_extractor - INFO - data from Table 8: Education extracted.
2014-01-16 19:25:51,876 - UNDP_extractor - INFO - Extracting data form Table 9: Social Integration, with URL http://data.undp.org/resource/n9mf-gwye.xml...
2014-01-16 19:25:55,314 - UNDP_extractor - INFO - data from Table 9: Social Integration extracted.
2014-01-16 19:25:55,315 - UNDP_extractor - INFO - Extracting data form Table 10: International Trade Flows of Goods and Services, with URL http://data.undp.org/resource/itri-v7qr.xml...
2014-01-16 19:26:03,160 - UNDP_extractor - INFO - data from Table 10: International Trade Flows of Goods and Services extracted.
2014-01-16 19:26:03,163 - UNDP_extractor - INFO - Extracting data form Table 11: International Capital Flows and Migrations, with URL http://data.undp.org/resource/3esk-n839.xml...
2014-01-16 19:26:06,588 - UNDP_extractor - INFO - data from Table 11: International Capital Flows and Migrations extracted.
2014-01-16 19:26:06,589 - UNDP_extractor - INFO - Extracting data form Table 12: Innovation and Technology, with URL http://data.undp.org/resource/jixu-gnyy.xml...
2014-01-16 19:26:09,483 - UNDP_extractor - INFO - data from Table 12: Innovation and Technology extracted.
2014-01-16 19:26:09,484 - UNDP_extractor - INFO - Extracting data form Table 13: Environment, with URL http://data.undp.org/resource/ki8j-r4i6.xml...
2014-01-16 19:26:13,797 - UNDP_extractor - INFO - data from Table 13: Environment extracted.
2014-01-16 19:26:13,798 - UNDP_extractor - INFO - Extracting data form Table 14: Population, with URL http://data.undp.org/resource/e6xu-b22v.xml...
2014-01-16 19:26:17,256 - UNDP_extractor - INFO - data from Table 14: Population extracted.
2014-01-16 19:26:17,257 - UNDP_extractor - INFO - Data extraction from UNDP done.
2014-03-18 11:29:02,766 - UNDP_extractor - INFO - Initializing data extraction from UNDP...
2014-03-18 11:29:02,766 - UNDP_extractor - INFO - Extracting data form Table 2: Human Development Index Trends, with URL http://data.undp.org/resource/efc4-gjvq.xml...
2014-03-18 11:29:04,986 - UNDP_extractor - INFO - data from Table 2: Human Development Index Trends extracted.
2014-03-18 11:29:04,986 - UNDP_extractor - INFO - Data extraction from UNDP done.
2014-03-18 11:30:20,171 - UNDP_extractor - INFO - Initializing data extraction from UNDP...
2014-03-18 11:30:20,173 - UNDP_extractor - INFO - Extracting data form Table 2: Human Development Index Trends, with URL http://data.undp.org/resource/efc4-gjvq.xml...
2014-03-18 11:30:22,265 - UNDP_extractor - INFO - data from Table 2: Human Development Index Trends extracted.
2014-03-18 11:30:22,265 - UNDP_extractor - INFO - Data extraction from UNDP done.
2014-03-21 09:49:43,433 - UNDP_extractor - INFO - Initializing data extraction from UNDP...
2014-03-21 09:49:43,451 - UNDP_extractor - INFO - Extracting data form Table 2: Human Development Index Trends, with URL http://data.undp.org/resource/efc4-gjvq.xml...
2014-03-21 09:49:45,923 - UNDP_extractor - INFO - data from Table 2: Human Development Index Trends extracted.
2014-03-21 09:49:45,923 - UNDP_extractor - INFO - Data extraction from UNDP done.
2014-03-21 09:53:30,055 - UNDP_extractor - INFO - Initializing data extraction from UNDP...
2014-03-21 09:53:30,073 - UNDP_extractor - INFO - Extracting data form Table 2: Human Development Index Trends, with URL http://data.undp.org/resource/efc4-gjvq.xml...
2014-03-21 09:53:32,463 - UNDP_extractor - INFO - data from Table 2: Human Development Index Trends extracted.
2014-03-21 09:53:32,463 - UNDP_extractor - INFO - Data extraction from UNDP done.
2014-03-21 09:54:31,243 - UNDP_extractor - INFO - Initializing data extraction from UNDP...
2014-03-21 09:54:31,243 - UNDP_extractor - INFO - Extracting data form Table 2: Human Development Index Trends, with URL http://data.undp.org/resource/efc4-gjvq.xml...
2014-03-21 09:54:33,805 - UNDP_extractor - INFO - data from Table 2: Human Development Index Trends extracted.
2014-03-21 09:54:33,805 - UNDP_extractor - INFO - Data extraction from UNDP done.
2014-03-21 09:55:05,081 - UNDP_extractor - INFO - Initializing data extraction from UNDP...
2014-03-21 09:55:05,081 - UNDP_extractor - INFO - Extracting data form Table 2: Human Development Index Trends, with URL http://data.undp.org/resource/efc4-gjvq.xml...
2014-03-21 09:55:10,799 - UNDP_extractor - INFO - data from Table 2: Human Development Index Trends extracted.
2014-03-21 09:55:10,801 - UNDP_extractor - INFO - Data extraction from UNDP done.
2014-03-21 09:57:35,040 - UNDP_extractor - INFO - Initializing data extraction from UNDP...
2014-03-21 09:57:35,040 - UNDP_extractor - INFO - Extracting data form Table 2: Human Development Index Trends, with URL http://data.undp.org/resource/efc4-gjvq.xml...
2014-03-21 09:57:39,010 - UNDP_extractor - INFO - data from Table 2: Human Development Index Trends extracted.
2014-03-21 09:57:39,010 - UNDP_extractor - INFO - Data extraction from UNDP done.
2014-03-21 09:58:35,150 - UNDP_extractor - INFO - Initializing data extraction from UNDP...
2014-03-21 09:58:35,150 - UNDP_extractor - INFO - Extracting data form Table 2: Human Development Index Trends, with URL http://data.undp.org/resource/efc4-gjvq.xml...
2014-03-21 09:58:39,742 - UNDP_extractor - INFO - data from Table 2: Human Development Index Trends extracted.
2014-03-21 09:58:39,742 - UNDP_extractor - INFO - Data extraction from UNDP done.
2014-03-21 09:59:12,533 - UNDP_extractor - INFO - Initializing data extraction from UNDP...
2014-03-21 09:59:12,565 - UNDP_extractor - INFO - Extracting data form Table 2: Human Development Index Trends, with URL http://data.undp.org/resource/efc4-gjvq.xml...
2014-03-21 09:59:16,644 - UNDP_extractor - INFO - data from Table 2: Human Development Index Trends extracted.
2014-03-21 09:59:16,644 - UNDP_extractor - INFO - Data extraction from UNDP done.
2014-03-21 09:59:53,546 - UNDP_extractor - INFO - Initializing data extraction from UNDP...
2014-03-21 09:59:53,546 - UNDP_extractor - INFO - Extracting data form Table 2: Human Development Index Trends, with URL http://data.undp.org/resource/efc4-gjvq.xml...
2014-03-21 09:59:57,247 - UNDP_extractor - INFO - data from Table 2: Human Development Index Trends extracted.
2014-03-21 09:59:57,247 - UNDP_extractor - INFO - Data extraction from UNDP done.
2014-03-21 10:01:25,756 - UNDP_extractor - INFO - Initializing data extraction from UNDP...
2014-03-21 10:01:25,756 - UNDP_extractor - INFO - Extracting data form Table 2: Human Development Index Trends, with URL http://data.undp.org/resource/efc4-gjvq.xml...
2014-03-21 10:01:29,203 - UNDP_extractor - INFO - data from Table 2: Human Development Index Trends extracted.
2014-03-21 10:01:29,203 - UNDP_extractor - INFO - Data extraction from UNDP done.
2014-03-21 10:01:45,747 - UNDP_extractor - INFO - Initializing data extraction from UNDP...
2014-03-21 10:01:45,747 - UNDP_extractor - INFO - Extracting data form Table 2: Human Development Index Trends, with URL http://data.undp.org/resource/efc4-gjvq.xml...
2014-03-21 10:01:48,191 - UNDP_extractor - INFO - data from Table 2: Human Development Index Trends extracted.
2014-03-21 10:01:48,191 - UNDP_extractor - INFO - Data extraction from UNDP done.
2014-03-21 10:42:53,346 - UNDP_extractor - INFO - Initializing data extraction from UNDP...
2014-03-21 10:42:53,346 - UNDP_extractor - INFO - Extracting data form Table 2: Human Development Index Trends, with URL http://data.undp.org/resource/efc4-gjvq.xml...
2014-03-21 10:42:55,726 - UNDP_extractor - INFO - data from Table 2: Human Development Index Trends extracted.
2014-03-21 10:42:55,726 - UNDP_extractor - INFO - Data extraction from UNDP done.
2014-03-21 10:44:33,223 - UNDP_extractor - INFO - Initializing data extraction from UNDP...
2014-03-21 10:44:33,223 - UNDP_extractor - INFO - Extracting data form Table 2: Human Development Index Trends, with URL http://data.undp.org/resource/efc4-gjvq.xml...
2014-03-21 10:44:35,513 - UNDP_extractor - INFO - data from Table 2: Human Development Index Trends extracted.
2014-03-21 10:44:35,513 - UNDP_extractor - INFO - Data extraction from UNDP done.
2014-03-21 10:45:11,457 - UNDP_extractor - INFO - Initializing data extraction from UNDP...
2014-03-21 10:45:11,457 - UNDP_extractor - INFO - Extracting data form Table 2: Human Development Index Trends, with URL http://data.undp.org/resource/efc4-gjvq.xml...
2014-03-21 10:45:15,545 - UNDP_extractor - INFO - data from Table 2: Human Development Index Trends extracted.
2014-03-21 10:45:15,545 - UNDP_extractor - INFO - Data extraction from UNDP done.
2014-03-21 10:47:42,655 - UNDP_extractor - INFO - Initializing data extraction from UNDP...
2014-03-21 10:47:42,655 - UNDP_extractor - INFO - Extracting data form Table 2: Human Development Index Trends, with URL http://data.undp.org/resource/efc4-gjvq.xml...
2014-03-21 10:47:47,819 - UNDP_extractor - INFO - data from Table 2: Human Development Index Trends extracted.
2014-03-21 10:47:47,819 - UNDP_extractor - INFO - Data extraction from UNDP done.
2014-03-21 10:48:40,513 - UNDP_extractor - INFO - Initializing data extraction from UNDP...
2014-03-21 10:48:40,513 - UNDP_extractor - INFO - Extracting data form Table 2: Human Development Index Trends, with URL http://data.undp.org/resource/efc4-gjvq.xml...
2014-03-21 10:48:44,634 - UNDP_extractor - INFO - data from Table 2: Human Development Index Trends extracted.
2014-03-21 10:48:44,634 - UNDP_extractor - INFO - Data extraction from UNDP done.
2014-03-21 10:50:59,160 - UNDP_extractor - INFO - Initializing data extraction from UNDP...
2014-03-21 10:50:59,160 - UNDP_extractor - INFO - Extracting data form Table 2: Human Development Index Trends, with URL http://data.undp.org/resource/efc4-gjvq.xml...
2014-03-21 10:51:02,911 - UNDP_extractor - INFO - data from Table 2: Human Development Index Trends extracted.
2014-03-21 10:51:02,911 - UNDP_extractor - INFO - Data extraction from UNDP done.
2014-03-21 10:52:02,336 - UNDP_extractor - INFO - Initializing data extraction from UNDP...
2014-03-21 10:52:02,336 - UNDP_extractor - INFO - Extracting data form Table 2: Human Development Index Trends, with URL http://data.undp.org/resource/efc4-gjvq.xml...
2014-03-21 10:52:04,724 - UNDP_extractor - INFO - data from Table 2: Human Development Index Trends extracted.
2014-03-21 10:52:04,724 - UNDP_extractor - INFO - Data extraction from UNDP done.
2014-03-21 11:12:04,480 - UNDP_extractor - INFO - Initializing data extraction from UNDP...
2014-03-21 11:12:04,480 - UNDP_extractor - INFO - Extracting data form Table 2: Human Development Index Trends, with URL http://data.undp.org/resource/efc4-gjvq.xml...
2014-03-21 11:12:07,142 - UNDP_extractor - INFO - data from Table 2: Human Development Index Trends extracted.
2014-03-21 11:12:07,144 - UNDP_extractor - INFO - Data extraction from UNDP done.
2014-03-21 12:06:17,457 - UNDP_extractor - INFO - Initializing data extraction from UNDP...
2014-03-21 12:06:17,457 - UNDP_extractor - INFO - Extracting data form Table 2: Human Development Index Trends, with URL http://data.undp.org/resource/efc4-gjvq.xml...
2014-03-21 12:06:21,421 - UNDP_extractor - INFO - data from Table 2: Human Development Index Trends extracted.
2014-03-21 12:06:21,423 - UNDP_extractor - INFO - Data extraction from UNDP done.
2014-03-21 12:06:21,911 - UNDP_extractor - INFO - Ignoring row node. This is the message thrown by the app: 
2014-03-21 12:06:21,941 - UNDP_extractor - INFO - Ignoring row node. This is the message thrown by the app: 
2014-03-21 12:06:21,973 - UNDP_extractor - INFO - Ignoring row node. This is the message thrown by the app: 
2014-03-21 12:06:22,005 - UNDP_extractor - INFO - Ignoring row node. This is the message thrown by the app: 
2014-03-21 12:06:22,039 - UNDP_extractor - INFO - Ignoring row node. This is the message thrown by the app: 
2014-03-21 12:06:22,069 - UNDP_extractor - INFO - Ignoring row node. This is the message thrown by the app: 
2014-03-21 12:06:22,099 - UNDP_extractor - INFO - Ignoring row node. This is the message thrown by the app: 
2014-03-21 12:06:22,131 - UNDP_extractor - INFO - Ignoring row node. This is the message thrown by the app: 
2014-03-21 12:06:22,163 - UNDP_extractor - INFO - Ignoring row node. This is the message thrown by the app: 
2014-03-21 12:06:22,194 - UNDP_extractor - INFO - Ignoring row node. This is the message thrown by the app: 
2014-03-21 12:06:22,226 - UNDP_extractor - INFO - Ignoring row node. This is the message thrown by the app: 
2014-03-21 12:06:22,263 - UNDP_extractor - INFO - Ignoring row node. This is the message thrown by the app: 
2014-03-21 12:06:22,301 - UNDP_extractor - INFO - Ignoring row node. This is the message thrown by the app: 
2014-03-21 12:22:36,625 - UNDP_extractor - INFO - Initializing data extraction from UNDP...
2014-03-21 12:22:36,625 - UNDP_extractor - INFO - Extracting data form Table 2: Human Development Index Trends, with URL http://data.undp.org/resource/efc4-gjvq.xml...
2014-03-21 12:22:38,898 - UNDP_extractor - INFO - data from Table 2: Human Development Index Trends extracted.
2014-03-21 12:22:38,898 - UNDP_extractor - INFO - Data extraction from UNDP done.
2014-03-21 12:22:39,368 - UNDP_extractor - INFO - Ignoring row node. This is the message thrown by the app: 
2014-03-21 12:22:39,398 - UNDP_extractor - INFO - Ignoring row node. This is the message thrown by the app: 
2014-03-21 12:22:39,428 - UNDP_extractor - INFO - Ignoring row node. This is the message thrown by the app: 
2014-03-21 12:22:39,460 - UNDP_extractor - INFO - Ignoring row node. This is the message thrown by the app: 
2014-03-21 12:22:39,492 - UNDP_extractor - INFO - Ignoring row node. This is the message thrown by the app: 
2014-03-21 12:22:39,523 - UNDP_extractor - INFO - Ignoring row node. This is the message thrown by the app: 
2014-03-21 12:22:39,553 - UNDP_extractor - INFO - Ignoring row node. This is the message thrown by the app: 
2014-03-21 12:22:39,585 - UNDP_extractor - INFO - Ignoring row node. This is the message thrown by the app: 
2014-03-21 12:22:39,617 - UNDP_extractor - INFO - Ignoring row node. This is the message thrown by the app: 
2014-03-21 12:22:39,648 - UNDP_extractor - INFO - Ignoring row node. This is the message thrown by the app: 
2014-03-21 12:22:39,680 - UNDP_extractor - INFO - Ignoring row node. This is the message thrown by the app: 
2014-03-21 12:22:39,710 - UNDP_extractor - INFO - Ignoring row node. This is the message thrown by the app: 
2014-03-21 12:22:39,743 - UNDP_extractor - INFO - Ignoring row node. This is the message thrown by the app: 
2014-03-21 12:32:07,987 - UNDP_extractor - INFO - Initializing data extraction from UNDP...
2014-03-21 12:32:07,987 - UNDP_extractor - INFO - Extracting data form Table 2: Human Development Index Trends, with URL http://data.undp.org/resource/efc4-gjvq.xml...
2014-03-21 12:32:10,427 - UNDP_extractor - INFO - data from Table 2: Human Development Index Trends extracted.
2014-03-21 12:32:10,427 - UNDP_extractor - INFO - Data extraction from UNDP done.
2014-03-21 12:32:10,894 - UNDP_extractor - INFO - Ignoring row node. This is the message thrown by the app: 
2014-03-21 12:32:10,927 - UNDP_extractor - INFO - Ignoring row node. This is the message thrown by the app: 
2014-03-21 12:32:10,957 - UNDP_extractor - INFO - Ignoring row node. This is the message thrown by the app: 
2014-03-21 12:32:10,990 - UNDP_extractor - INFO - Ignoring row node. This is the message thrown by the app: 
2014-03-21 12:32:11,020 - UNDP_extractor - INFO - Ignoring row node. This is the message thrown by the app: 
2014-03-21 12:32:11,052 - UNDP_extractor - INFO - Ignoring row node. This is the message thrown by the app: 
2014-03-21 12:32:11,085 - UNDP_extractor - INFO - Ignoring row node. This is the message thrown by the app: 
2014-03-21 12:32:11,115 - UNDP_extractor - INFO - Ignoring row node. This is the message thrown by the app: 
2014-03-21 12:32:11,148 - UNDP_extractor - INFO - Ignoring row node. This is the message thrown by the app: 
2014-03-21 12:32:11,180 - UNDP_extractor - INFO - Ignoring row node. This is the message thrown by the app: 
2014-03-21 12:32:11,210 - UNDP_extractor - INFO - Ignoring row node. This is the message thrown by the app: 
2014-03-21 12:32:11,247 - UNDP_extractor - INFO - Ignoring row node. This is the message thrown by the app: 
2014-03-21 12:32:11,283 - UNDP_extractor - INFO - Ignoring row node. This is the message thrown by the app: 
2014-03-21 12:38:34,428 - UNDP_extractor - INFO - Initializing data extraction from UNDP...
2014-03-21 12:38:34,430 - UNDP_extractor - INFO - Extracting data form Table 2: Human Development Index Trends, with URL http://data.undp.org/resource/efc4-gjvq.xml...
2014-03-21 12:38:36,973 - UNDP_extractor - INFO - data from Table 2: Human Development Index Trends extracted.
2014-03-21 12:38:36,973 - UNDP_extractor - INFO - Data extraction from UNDP done.
2014-03-21 12:38:37,459 - UNDP_extractor - INFO - Ignoring row node. This is the message thrown by the app: 
2014-03-21 12:38:37,487 - UNDP_extractor - INFO - Ignoring row node. This is the message thrown by the app: 
2014-03-21 12:38:37,523 - UNDP_extractor - INFO - Ignoring row node. This is the message thrown by the app: 
2014-03-21 12:38:37,568 - UNDP_extractor - INFO - Ignoring row node. This is the message thrown by the app: 
2014-03-21 12:38:37,601 - UNDP_extractor - INFO - Ignoring row node. This is the message thrown by the app: 
2014-03-21 12:38:37,634 - UNDP_extractor - INFO - Ignoring row node. This is the message thrown by the app: 
2014-03-21 12:38:37,667 - UNDP_extractor - INFO - Ignoring row node. This is the message thrown by the app: 
2014-03-21 12:38:37,700 - UNDP_extractor - INFO - Ignoring row node. This is the message thrown by the app: 
2014-03-21 12:38:37,733 - UNDP_extractor - INFO - Ignoring row node. This is the message thrown by the app: 
2014-03-21 12:38:37,766 - UNDP_extractor - INFO - Ignoring row node. This is the message thrown by the app: 
2014-03-21 12:38:37,802 - UNDP_extractor - INFO - Ignoring row node. This is the message thrown by the app: 
2014-03-21 12:38:37,832 - UNDP_extractor - INFO - Ignoring row node. This is the message thrown by the app: 
2014-03-21 12:38:37,868 - UNDP_extractor - INFO - Ignoring row node. This is the message thrown by the app: 
2014-03-21 12:40:05,392 - UNDP_extractor - INFO - Initializing data extraction from UNDP...
2014-03-21 12:40:05,392 - UNDP_extractor - INFO - Extracting data form Table 2: Human Development Index Trends, with URL http://data.undp.org/resource/efc4-gjvq.xml...
2014-03-21 12:40:08,622 - UNDP_extractor - INFO - data from Table 2: Human Development Index Trends extracted.
2014-03-21 12:40:08,624 - UNDP_extractor - INFO - Data extraction from UNDP done.
2014-03-21 12:40:09,105 - UNDP_extractor - INFO - Ignoring row node. This is the message thrown by the app: 
2014-03-21 12:40:09,137 - UNDP_extractor - INFO - Ignoring row node. This is the message thrown by the app: 
2014-03-21 12:40:09,167 - UNDP_extractor - INFO - Ignoring row node. This is the message thrown by the app: 
2014-03-21 12:40:09,200 - UNDP_extractor - INFO - Ignoring row node. This is the message thrown by the app: 
2014-03-21 12:40:09,232 - UNDP_extractor - INFO - Ignoring row node. This is the message thrown by the app: 
2014-03-21 12:40:09,263 - UNDP_extractor - INFO - Ignoring row node. This is the message thrown by the app: 
2014-03-21 12:40:09,295 - UNDP_extractor - INFO - Ignoring row node. This is the message thrown by the app: 
2014-03-21 12:40:09,326 - UNDP_extractor - INFO - Ignoring row node. This is the message thrown by the app: 
2014-03-21 12:40:09,364 - UNDP_extractor - INFO - Ignoring row node. This is the message thrown by the app: 
2014-03-21 12:40:09,397 - UNDP_extractor - INFO - Ignoring row node. This is the message thrown by the app: 
2014-03-21 12:40:09,428 - UNDP_extractor - INFO - Ignoring row node. This is the message thrown by the app: 
2014-03-21 12:40:09,460 - UNDP_extractor - INFO - Ignoring row node. This is the message thrown by the app: 
2014-03-21 12:40:09,493 - UNDP_extractor - INFO - Ignoring row node. This is the message thrown by the app: 
2014-03-21 12:45:31,392 - UNDP_extractor - INFO - Initializing data extraction from UNDP...
2014-03-21 12:45:31,392 - UNDP_extractor - INFO - Extracting data form Table 2: Human Development Index Trends, with URL http://data.undp.org/resource/efc4-gjvq.xml...
2014-03-21 12:45:33,819 - UNDP_extractor - INFO - data from Table 2: Human Development Index Trends extracted.
2014-03-21 12:45:33,819 - UNDP_extractor - INFO - Data extraction from UNDP done.
2014-03-21 12:45:34,308 - UNDP_extractor - INFO - Ignoring row node. This is the message thrown by the app: 
2014-03-21 12:45:34,339 - UNDP_extractor - INFO - Ignoring row node. This is the message thrown by the app: 
2014-03-21 12:45:34,372 - UNDP_extractor - INFO - Ignoring row node. This is the message thrown by the app: 
2014-03-21 12:45:34,404 - UNDP_extractor - INFO - Ignoring row node. This is the message thrown by the app: 
2014-03-21 12:45:34,441 - UNDP_extractor - INFO - Ignoring row node. This is the message thrown by the app: 
2014-03-21 12:45:34,479 - UNDP_extractor - INFO - Ignoring row node. This is the message thrown by the app: 
2014-03-21 12:45:34,512 - UNDP_extractor - INFO - Ignoring row node. This is the message thrown by the app: 
2014-03-21 12:45:34,546 - UNDP_extractor - INFO - Ignoring row node. This is the message thrown by the app: 
2014-03-21 12:45:34,578 - UNDP_extractor - INFO - Ignoring row node. This is the message thrown by the app: 
2014-03-21 12:45:34,609 - UNDP_extractor - INFO - Ignoring row node. This is the message thrown by the app: 
2014-03-21 12:45:34,641 - UNDP_extractor - INFO - Ignoring row node. This is the message thrown by the app: 
2014-03-21 12:45:34,673 - UNDP_extractor - INFO - Ignoring row node. This is the message thrown by the app: 
2014-03-21 12:45:34,704 - UNDP_extractor - INFO - Ignoring row node. This is the message thrown by the app: 
2014-03-21 12:48:55,460 - UNDP_extractor - INFO - Initializing data extraction from UNDP...
2014-03-21 12:48:55,460 - UNDP_extractor - INFO - Extracting data form Table 2: Human Development Index Trends, with URL http://data.undp.org/resource/efc4-gjvq.xml...
2014-03-21 12:48:57,897 - UNDP_extractor - INFO - data from Table 2: Human Development Index Trends extracted.
2014-03-21 12:48:57,897 - UNDP_extractor - INFO - Data extraction from UNDP done.
2014-03-21 12:49:33,740 - UNDP_extractor - INFO - Initializing data extraction from UNDP...
2014-03-21 12:49:33,740 - UNDP_extractor - INFO - Extracting data form Table 2: Human Development Index Trends, with URL http://data.undp.org/resource/efc4-gjvq.xml...
2014-03-21 12:49:37,076 - UNDP_extractor - INFO - data from Table 2: Human Development Index Trends extracted.
2014-03-21 12:49:37,076 - UNDP_extractor - INFO - Data extraction from UNDP done.
2014-03-21 12:51:06,358 - UNDP_extractor - INFO - Initializing data extraction from UNDP...
2014-03-21 12:51:06,358 - UNDP_extractor - INFO - Extracting data form Table 2: Human Development Index Trends, with URL http://data.undp.org/resource/efc4-gjvq.xml...
2014-03-21 12:51:09,565 - UNDP_extractor - INFO - data from Table 2: Human Development Index Trends extracted.
2014-03-21 12:51:09,565 - UNDP_extractor - INFO - Data extraction from UNDP done.
2014-03-21 12:52:09,957 - UNDP_extractor - INFO - Initializing data extraction from UNDP...
2014-03-21 12:52:09,957 - UNDP_extractor - INFO - Extracting data form Table 2: Human Development Index Trends, with URL http://data.undp.org/resource/efc4-gjvq.xml...
2014-03-21 12:52:13,053 - UNDP_extractor - INFO - data from Table 2: Human Development Index Trends extracted.
2014-03-21 12:52:13,053 - UNDP_extractor - INFO - Data extraction from UNDP done.
2014-03-21 12:52:35,016 - UNDP_extractor - INFO - Initializing data extraction from UNDP...
2014-03-21 12:52:35,016 - UNDP_extractor - INFO - Extracting data form Table 2: Human Development Index Trends, with URL http://data.undp.org/resource/efc4-gjvq.xml...
2014-03-21 12:52:37,540 - UNDP_extractor - INFO - data from Table 2: Human Development Index Trends extracted.
2014-03-21 12:52:37,540 - UNDP_extractor - INFO - Data extraction from UNDP done.
2014-03-21 12:56:11,608 - UNDP_extractor - INFO - Initializing data extraction from UNDP...
2014-03-21 12:56:11,608 - UNDP_extractor - INFO - Extracting data form Table 2: Human Development Index Trends, with URL http://data.undp.org/resource/efc4-gjvq.xml...
2014-03-21 12:56:14,138 - UNDP_extractor - INFO - data from Table 2: Human Development Index Trends extracted.
2014-03-21 12:56:14,138 - UNDP_extractor - INFO - Data extraction from UNDP done.
2014-03-21 12:57:21,811 - UNDP_extractor - INFO - Initializing data extraction from UNDP...
2014-03-21 12:57:21,811 - UNDP_extractor - INFO - Extracting data form Table 2: Human Development Index Trends, with URL http://data.undp.org/resource/efc4-gjvq.xml...
2014-03-21 12:57:24,351 - UNDP_extractor - INFO - data from Table 2: Human Development Index Trends extracted.
2014-03-21 12:57:24,351 - UNDP_extractor - INFO - Data extraction from UNDP done.
2014-03-21 13:03:35,536 - UNDP_extractor - INFO - Initializing data extraction from UNDP...
2014-03-21 13:03:35,536 - UNDP_extractor - INFO - Extracting data form Table 2: Human Development Index Trends, with URL http://data.undp.org/resource/efc4-gjvq.xml...
2014-03-21 13:03:37,947 - UNDP_extractor - INFO - data from Table 2: Human Development Index Trends extracted.
2014-03-21 13:03:37,947 - UNDP_extractor - INFO - Data extraction from UNDP done.
2014-03-21 13:03:52,773 - UNDP_extractor - INFO - Initializing data extraction from UNDP...
2014-03-21 13:03:52,773 - UNDP_extractor - INFO - Extracting data form Table 2: Human Development Index Trends, with URL http://data.undp.org/resource/efc4-gjvq.xml...
2014-03-21 13:03:55,221 - UNDP_extractor - INFO - data from Table 2: Human Development Index Trends extracted.
2014-03-21 13:03:55,221 - UNDP_extractor - INFO - Data extraction from UNDP done.
2014-03-21 13:05:46,040 - UNDP_extractor - INFO - Initializing data extraction from UNDP...
2014-03-21 13:05:46,040 - UNDP_extractor - INFO - Extracting data form Table 2: Human Development Index Trends, with URL http://data.undp.org/resource/efc4-gjvq.xml...
2014-03-21 13:05:48,390 - UNDP_extractor - INFO - data from Table 2: Human Development Index Trends extracted.
2014-03-21 13:05:48,390 - UNDP_extractor - INFO - Data extraction from UNDP done.
2014-03-21 13:06:11,118 - UNDP_extractor - INFO - Initializing data extraction from UNDP...
2014-03-21 13:06:11,119 - UNDP_extractor - INFO - Extracting data form Table 2: Human Development Index Trends, with URL http://data.undp.org/resource/efc4-gjvq.xml...
2014-03-21 13:06:15,414 - UNDP_extractor - INFO - data from Table 2: Human Development Index Trends extracted.
2014-03-21 13:06:15,414 - UNDP_extractor - INFO - Data extraction from UNDP done.
2014-03-21 13:08:58,556 - UNDP_extractor - INFO - Initializing data extraction from UNDP...
2014-03-21 13:08:58,556 - UNDP_extractor - INFO - Extracting data form Table 2: Human Development Index Trends, with URL http://data.undp.org/resource/efc4-gjvq.xml...
2014-03-21 13:09:02,305 - UNDP_extractor - INFO - data from Table 2: Human Development Index Trends extracted.
2014-03-21 13:09:02,305 - UNDP_extractor - INFO - Data extraction from UNDP done.
2014-03-21 13:10:06,598 - UNDP_extractor - INFO - Initializing data extraction from UNDP...
2014-03-21 13:10:06,599 - UNDP_extractor - INFO - Extracting data form Table 2: Human Development Index Trends, with URL http://data.undp.org/resource/efc4-gjvq.xml...
2014-03-21 13:10:10,921 - UNDP_extractor - INFO - data from Table 2: Human Development Index Trends extracted.
2014-03-21 13:10:10,921 - UNDP_extractor - INFO - Data extraction from UNDP done.
2014-03-21 13:11:25,288 - UNDP_extractor - INFO - Initializing data extraction from UNDP...
2014-03-21 13:11:25,288 - UNDP_extractor - INFO - Extracting data form Table 2: Human Development Index Trends, with URL http://data.undp.org/resource/efc4-gjvq.xml...
2014-03-21 13:11:30,704 - UNDP_extractor - INFO - data from Table 2: Human Development Index Trends extracted.
2014-03-21 13:11:30,704 - UNDP_extractor - INFO - Data extraction from UNDP done.
2014-03-21 13:15:01,117 - UNDP_extractor - INFO - Initializing data extraction from UNDP...
2014-03-21 13:15:01,117 - UNDP_extractor - INFO - Extracting data form Table 2: Human Development Index Trends, with URL http://data.undp.org/resource/efc4-gjvq.xml...
2014-03-21 13:15:03,724 - UNDP_extractor - INFO - data from Table 2: Human Development Index Trends extracted.
2014-03-21 13:15:03,724 - UNDP_extractor - INFO - Data extraction from UNDP done.
2014-03-21 13:16:44,463 - UNDP_extractor - INFO - Initializing data extraction from UNDP...
2014-03-21 13:16:44,463 - UNDP_extractor - INFO - Extracting data form Table 2: Human Development Index Trends, with URL http://data.undp.org/resource/efc4-gjvq.xml...
2014-03-21 13:16:46,772 - UNDP_extractor - INFO - data from Table 2: Human Development Index Trends extracted.
2014-03-21 13:16:46,772 - UNDP_extractor - INFO - Data extraction from UNDP done.
2014-03-21 13:17:32,733 - UNDP_extractor - INFO - Initializing data extraction from UNDP...
2014-03-21 13:17:32,733 - UNDP_extractor - INFO - Extracting data form Table 2: Human Development Index Trends, with URL http://data.undp.org/resource/efc4-gjvq.xml...
2014-03-21 13:17:35,950 - UNDP_extractor - INFO - data from Table 2: Human Development Index Trends extracted.
2014-03-21 13:17:35,950 - UNDP_extractor - INFO - Data extraction from UNDP done.
2014-03-21 13:18:40,444 - UNDP_extractor - INFO - Initializing data extraction from UNDP...
2014-03-21 13:18:40,444 - UNDP_extractor - INFO - Extracting data form Table 2: Human Development Index Trends, with URL http://data.undp.org/resource/efc4-gjvq.xml...
2014-03-21 13:18:43,894 - UNDP_extractor - INFO - data from Table 2: Human Development Index Trends extracted.
2014-03-21 13:18:43,894 - UNDP_extractor - INFO - Data extraction from UNDP done.
2014-03-21 13:19:31,755 - UNDP_extractor - INFO - Initializing data extraction from UNDP...
2014-03-21 13:19:31,756 - UNDP_extractor - INFO - Extracting data form Table 2: Human Development Index Trends, with URL http://data.undp.org/resource/efc4-gjvq.xml...
2014-03-21 13:19:36,671 - UNDP_extractor - INFO - data from Table 2: Human Development Index Trends extracted.
2014-03-21 13:19:36,673 - UNDP_extractor - INFO - Data extraction from UNDP done.
2014-03-21 13:20:39,476 - UNDP_extractor - INFO - Initializing data extraction from UNDP...
2014-03-21 13:20:39,476 - UNDP_extractor - INFO - Extracting data form Table 2: Human Development Index Trends, with URL http://data.undp.org/resource/efc4-gjvq.xml...
2014-03-21 13:20:42,844 - UNDP_extractor - INFO - data from Table 2: Human Development Index Trends extracted.
2014-03-21 13:20:42,844 - UNDP_extractor - INFO - Data extraction from UNDP done.
2014-03-21 13:20:43,352 - UNDP_extractor - INFO - Ignoring row node. This is the message thrown by the app: 
2014-03-21 13:20:43,384 - UNDP_extractor - INFO - Ignoring row node. This is the message thrown by the app: 
2014-03-21 13:20:43,424 - UNDP_extractor - INFO - Ignoring row node. This is the message thrown by the app: 
2014-03-21 13:20:43,453 - UNDP_extractor - INFO - Ignoring row node. This is the message thrown by the app: 
2014-03-21 13:20:43,484 - UNDP_extractor - INFO - Ignoring row node. This is the message thrown by the app: 
2014-03-21 13:20:43,516 - UNDP_extractor - INFO - Ignoring row node. This is the message thrown by the app: 
2014-03-21 13:20:43,549 - UNDP_extractor - INFO - Ignoring row node. This is the message thrown by the app: 
2014-03-21 13:20:43,582 - UNDP_extractor - INFO - Ignoring row node. This is the message thrown by the app: 
2014-03-21 13:20:43,615 - UNDP_extractor - INFO - Ignoring row node. This is the message thrown by the app: 
2014-03-21 13:20:43,647 - UNDP_extractor - INFO - Ignoring row node. This is the message thrown by the app: 
2014-03-21 13:20:43,678 - UNDP_extractor - INFO - Ignoring row node. This is the message thrown by the app: 
2014-03-21 13:20:43,710 - UNDP_extractor - INFO - Ignoring row node. This is the message thrown by the app: 
2014-03-21 13:20:43,740 - UNDP_extractor - INFO - Ignoring row node. This is the message thrown by the app: 
2014-03-21 13:22:41,595 - UNDP_extractor - INFO - Initializing data extraction from UNDP...
2014-03-21 13:22:41,595 - UNDP_extractor - INFO - Extracting data form Table 2: Human Development Index Trends, with URL http://data.undp.org/resource/efc4-gjvq.xml...
2014-03-21 13:22:44,122 - UNDP_extractor - INFO - data from Table 2: Human Development Index Trends extracted.
2014-03-21 13:22:44,124 - UNDP_extractor - INFO - Data extraction from UNDP done.
2014-03-21 13:22:44,638 - UNDP_extractor - INFO - Ignoring row node. This is the message thrown by the app: 
2014-03-21 13:22:44,668 - UNDP_extractor - INFO - Ignoring row node. This is the message thrown by the app: 
2014-03-21 13:22:44,700 - UNDP_extractor - INFO - Ignoring row node. This is the message thrown by the app: 
2014-03-21 13:22:44,730 - UNDP_extractor - INFO - Ignoring row node. This is the message thrown by the app: 
2014-03-21 13:22:44,759 - UNDP_extractor - INFO - Ignoring row node. This is the message thrown by the app: 
2014-03-21 13:22:44,790 - UNDP_extractor - INFO - Ignoring row node. This is the message thrown by the app: 
2014-03-21 13:22:44,822 - UNDP_extractor - INFO - Ignoring row node. This is the message thrown by the app: 
2014-03-21 13:22:44,851 - UNDP_extractor - INFO - Ignoring row node. This is the message thrown by the app: 
2014-03-21 13:22:44,884 - UNDP_extractor - INFO - Ignoring row node. This is the message thrown by the app: 
2014-03-21 13:22:44,914 - UNDP_extractor - INFO - Ignoring row node. This is the message thrown by the app: 
2014-03-21 13:22:44,946 - UNDP_extractor - INFO - Ignoring row node. This is the message thrown by the app: 
2014-03-21 13:22:44,976 - UNDP_extractor - INFO - Ignoring row node. This is the message thrown by the app: 
2014-03-21 13:22:45,006 - UNDP_extractor - INFO - Ignoring row node. This is the message thrown by the app: 
2014-03-21 13:22:55,069 - UNDP_extractor - INFO - Initializing data extraction from UNDP...
2014-03-21 13:22:55,069 - UNDP_extractor - INFO - Extracting data form Table 2: Human Development Index Trends, with URL http://data.undp.org/resource/efc4-gjvq.xml...
2014-03-21 13:22:57,588 - UNDP_extractor - INFO - data from Table 2: Human Development Index Trends extracted.
2014-03-21 13:22:57,588 - UNDP_extractor - INFO - Data extraction from UNDP done.
2014-03-21 13:22:58,121 - UNDP_extractor - INFO - Ignoring row node. This is the message thrown by the app: 
2014-03-21 13:22:58,154 - UNDP_extractor - INFO - Ignoring row node. This is the message thrown by the app: 
2014-03-21 13:22:58,194 - UNDP_extractor - INFO - Ignoring row node. This is the message thrown by the app: 
2014-03-21 13:22:58,224 - UNDP_extractor - INFO - Ignoring row node. This is the message thrown by the app: 
2014-03-21 13:22:58,256 - UNDP_extractor - INFO - Ignoring row node. This is the message thrown by the app: 
2014-03-21 13:22:58,289 - UNDP_extractor - INFO - Ignoring row node. This is the message thrown by the app: 
2014-03-21 13:22:58,321 - UNDP_extractor - INFO - Ignoring row node. This is the message thrown by the app: 
2014-03-21 13:22:58,351 - UNDP_extractor - INFO - Ignoring row node. This is the message thrown by the app: 
2014-03-21 13:22:58,382 - UNDP_extractor - INFO - Ignoring row node. This is the message thrown by the app: 
2014-03-21 13:22:58,414 - UNDP_extractor - INFO - Ignoring row node. This is the message thrown by the app: 
2014-03-21 13:22:58,446 - UNDP_extractor - INFO - Ignoring row node. This is the message thrown by the app: 
2014-03-21 13:22:58,477 - UNDP_extractor - INFO - Ignoring row node. This is the message thrown by the app: 
2014-03-21 13:22:58,509 - UNDP_extractor - INFO - Ignoring row node. This is the message thrown by the app: 
2014-03-21 13:23:30,905 - UNDP_extractor - INFO - Initializing data extraction from UNDP...
2014-03-21 13:23:30,905 - UNDP_extractor - INFO - Extracting data form Table 2: Human Development Index Trends, with URL http://data.undp.org/resource/efc4-gjvq.xml...
2014-03-21 13:23:33,198 - UNDP_extractor - INFO - data from Table 2: Human Development Index Trends extracted.
2014-03-21 13:23:33,198 - UNDP_extractor - INFO - Data extraction from UNDP done.
2014-03-21 13:23:33,720 - UNDP_extractor - INFO - Ignoring row node. This is the message thrown by the app: 
2014-03-21 13:23:33,752 - UNDP_extractor - INFO - Ignoring row node. This is the message thrown by the app: 
2014-03-21 13:23:33,789 - UNDP_extractor - INFO - Ignoring row node. This is the message thrown by the app: 
2014-03-21 13:23:33,821 - UNDP_extractor - INFO - Ignoring row node. This is the message thrown by the app: 
2014-03-21 13:23:33,851 - UNDP_extractor - INFO - Ignoring row node. This is the message thrown by the app: 
2014-03-21 13:23:33,884 - UNDP_extractor - INFO - Ignoring row node. This is the message thrown by the app: 
2014-03-21 13:23:33,914 - UNDP_extractor - INFO - Ignoring row node. This is the message thrown by the app: 
2014-03-21 13:23:33,947 - UNDP_extractor - INFO - Ignoring row node. This is the message thrown by the app: 
2014-03-21 13:23:33,977 - UNDP_extractor - INFO - Ignoring row node. This is the message thrown by the app: 
2014-03-21 13:23:34,009 - UNDP_extractor - INFO - Ignoring row node. This is the message thrown by the app: 
2014-03-21 13:23:34,039 - UNDP_extractor - INFO - Ignoring row node. This is the message thrown by the app: 
2014-03-21 13:23:34,069 - UNDP_extractor - INFO - Ignoring row node. This is the message thrown by the app: 
2014-03-21 13:23:34,098 - UNDP_extractor - INFO - Ignoring row node. This is the message thrown by the app: 
2014-03-21 13:26:58,953 - UNDP_extractor - INFO - Initializing data extraction from UNDP...
2014-03-21 13:26:58,953 - UNDP_extractor - INFO - Extracting data form Table 2: Human Development Index Trends, with URL http://data.undp.org/resource/efc4-gjvq.xml...
2014-03-21 13:27:01,594 - UNDP_extractor - INFO - data from Table 2: Human Development Index Trends extracted.
2014-03-21 13:27:01,594 - UNDP_extractor - INFO - Data extraction from UNDP done.
2014-03-21 13:27:02,118 - UNDP_extractor - INFO - Ignoring row node. This is the message thrown by the app: 
2014-03-21 13:27:02,148 - UNDP_extractor - INFO - Ignoring row node. This is the message thrown by the app: 
2014-03-21 13:27:02,194 - UNDP_extractor - INFO - Ignoring row node. This is the message thrown by the app: 
2014-03-21 13:27:02,227 - UNDP_extractor - INFO - Ignoring row node. This is the message thrown by the app: 
2014-03-21 13:27:02,257 - UNDP_extractor - INFO - Ignoring row node. This is the message thrown by the app: 
2014-03-21 13:27:02,289 - UNDP_extractor - INFO - Ignoring row node. This is the message thrown by the app: 
2014-03-21 13:27:02,322 - UNDP_extractor - INFO - Ignoring row node. This is the message thrown by the app: 
2014-03-21 13:27:02,367 - UNDP_extractor - INFO - Ignoring row node. This is the message thrown by the app: 
2014-03-21 13:27:02,398 - UNDP_extractor - INFO - Ignoring row node. This is the message thrown by the app: 
2014-03-21 13:27:02,433 - UNDP_extractor - INFO - Ignoring row node. This is the message thrown by the app: 
2014-03-21 13:27:02,463 - UNDP_extractor - INFO - Ignoring row node. This is the message thrown by the app: 
2014-03-21 13:27:02,496 - UNDP_extractor - INFO - Ignoring row node. This is the message thrown by the app: 
2014-03-21 13:27:02,528 - UNDP_extractor - INFO - Ignoring row node. This is the message thrown by the app: 
2014-03-21 13:30:07,759 - UNDP_extractor - INFO - Initializing data extraction from UNDP...
2014-03-21 13:30:07,759 - UNDP_extractor - INFO - Extracting data form Table 2: Human Development Index Trends, with URL http://data.undp.org/resource/efc4-gjvq.xml...
2014-03-21 13:30:10,437 - UNDP_extractor - INFO - data from Table 2: Human Development Index Trends extracted.
2014-03-21 13:30:10,437 - UNDP_extractor - INFO - Data extraction from UNDP done.
2014-03-21 13:30:11,029 - UNDP_extractor - INFO - Ignoring row node. This is the message thrown by the app: 
2014-03-21 13:30:11,078 - UNDP_extractor - INFO - Ignoring row node. This is the message thrown by the app: 
2014-03-21 13:30:11,117 - UNDP_extractor - INFO - Ignoring row node. This is the message thrown by the app: 
2014-03-21 13:30:11,150 - UNDP_extractor - INFO - Ignoring row node. This is the message thrown by the app: 
2014-03-21 13:30:11,181 - UNDP_extractor - INFO - Ignoring row node. This is the message thrown by the app: 
2014-03-21 13:30:11,217 - UNDP_extractor - INFO - Ignoring row node. This is the message thrown by the app: 
2014-03-21 13:30:11,252 - UNDP_extractor - INFO - Ignoring row node. This is the message thrown by the app: 
2014-03-21 13:30:11,286 - UNDP_extractor - INFO - Ignoring row node. This is the message thrown by the app: 
2014-03-21 13:30:11,316 - UNDP_extractor - INFO - Ignoring row node. This is the message thrown by the app: 
2014-03-21 13:30:11,348 - UNDP_extractor - INFO - Ignoring row node. This is the message thrown by the app: 
2014-03-21 13:30:11,384 - UNDP_extractor - INFO - Ignoring row node. This is the message thrown by the app: 
2014-03-21 13:30:11,418 - UNDP_extractor - INFO - Ignoring row node. This is the message thrown by the app: 
2014-03-21 13:30:11,460 - UNDP_extractor - INFO - Ignoring row node. This is the message thrown by the app: 
2014-03-21 13:31:17,994 - UNDP_extractor - INFO - Initializing data extraction from UNDP...
2014-03-21 13:31:17,994 - UNDP_extractor - INFO - Extracting data form Table 2: Human Development Index Trends, with URL http://data.undp.org/resource/efc4-gjvq.xml...
2014-03-21 13:31:20,953 - UNDP_extractor - INFO - data from Table 2: Human Development Index Trends extracted.
2014-03-21 13:31:20,953 - UNDP_extractor - INFO - Data extraction from UNDP done.
2014-03-21 13:31:21,431 - UNDP_extractor - INFO - Ignoring row node. This is the message thrown by the app: 
2014-03-21 13:31:21,463 - UNDP_extractor - INFO - Ignoring row node. This is the message thrown by the app: 
2014-03-21 13:31:21,494 - UNDP_extractor - INFO - Ignoring row node. This is the message thrown by the app: 
2014-03-21 13:31:21,529 - UNDP_extractor - INFO - Ignoring row node. This is the message thrown by the app: 
2014-03-21 13:31:21,581 - UNDP_extractor - INFO - Ignoring row node. This is the message thrown by the app: 
2014-03-21 13:31:21,611 - UNDP_extractor - INFO - Ignoring row node. This is the message thrown by the app: 
2014-03-21 13:31:21,641 - UNDP_extractor - INFO - Ignoring row node. This is the message thrown by the app: 
2014-03-21 13:31:21,671 - UNDP_extractor - INFO - Ignoring row node. This is the message thrown by the app: 
2014-03-21 13:31:21,701 - UNDP_extractor - INFO - Ignoring row node. This is the message thrown by the app: 
2014-03-21 13:31:21,733 - UNDP_extractor - INFO - Ignoring row node. This is the message thrown by the app: 
2014-03-21 13:31:21,763 - UNDP_extractor - INFO - Ignoring row node. This is the message thrown by the app: 
2014-03-21 13:31:21,796 - UNDP_extractor - INFO - Ignoring row node. This is the message thrown by the app: 
2014-03-21 13:31:21,828 - UNDP_extractor - INFO - Ignoring row node. This is the message thrown by the app: 
2014-03-21 13:32:54,963 - UNDP_extractor - INFO - Initializing data extraction from UNDP...
2014-03-21 13:32:54,963 - UNDP_extractor - INFO - Extracting data form Table 2: Human Development Index Trends, with URL http://data.undp.org/resource/efc4-gjvq.xml...
2014-03-21 13:32:59,512 - UNDP_extractor - INFO - data from Table 2: Human Development Index Trends extracted.
2014-03-21 13:32:59,512 - UNDP_extractor - INFO - Data extraction from UNDP done.
2014-03-21 13:33:00,026 - UNDP_extractor - INFO - Ignoring row node. This is the message thrown by the app: 
2014-03-21 13:33:00,056 - UNDP_extractor - INFO - Ignoring row node. This is the message thrown by the app: 
2014-03-21 13:33:00,098 - UNDP_extractor - INFO - Ignoring row node. This is the message thrown by the app: 
2014-03-21 13:33:00,130 - UNDP_extractor - INFO - Ignoring row node. This is the message thrown by the app: 
2014-03-21 13:33:00,161 - UNDP_extractor - INFO - Ignoring row node. This is the message thrown by the app: 
2014-03-21 13:33:00,194 - UNDP_extractor - INFO - Ignoring row node. This is the message thrown by the app: 
2014-03-21 13:33:00,223 - UNDP_extractor - INFO - Ignoring row node. This is the message thrown by the app: 
2014-03-21 13:33:00,253 - UNDP_extractor - INFO - Ignoring row node. This is the message thrown by the app: 
2014-03-21 13:33:00,286 - UNDP_extractor - INFO - Ignoring row node. This is the message thrown by the app: 
2014-03-21 13:33:00,318 - UNDP_extractor - INFO - Ignoring row node. This is the message thrown by the app: 
2014-03-21 13:33:00,348 - UNDP_extractor - INFO - Ignoring row node. This is the message thrown by the app: 
2014-03-21 13:33:00,380 - UNDP_extractor - INFO - Ignoring row node. This is the message thrown by the app: 
2014-03-21 13:33:00,414 - UNDP_extractor - INFO - Ignoring row node. This is the message thrown by the app: 
2014-03-21 13:34:49,842 - UNDP_extractor - INFO - Initializing data extraction from UNDP...
2014-03-21 13:34:49,842 - UNDP_extractor - INFO - Extracting data form Table 2: Human Development Index Trends, with URL http://data.undp.org/resource/efc4-gjvq.xml...
2014-03-21 13:34:52,270 - UNDP_extractor - INFO - data from Table 2: Human Development Index Trends extracted.
2014-03-21 13:34:52,270 - UNDP_extractor - INFO - Data extraction from UNDP done.
2014-03-21 13:36:33,680 - UNDP_extractor - INFO - Initializing data extraction from UNDP...
2014-03-21 13:36:33,680 - UNDP_extractor - INFO - Extracting data form Table 2: Human Development Index Trends, with URL http://data.undp.org/resource/efc4-gjvq.xml...
2014-03-21 13:36:36,313 - UNDP_extractor - INFO - data from Table 2: Human Development Index Trends extracted.
2014-03-21 13:36:36,315 - UNDP_extractor - INFO - Data extraction from UNDP done.
2014-03-21 13:38:35,663 - UNDP_extractor - INFO - Initializing data extraction from UNDP...
2014-03-21 13:38:35,663 - UNDP_extractor - INFO - Extracting data form Table 2: Human Development Index Trends, with URL http://data.undp.org/resource/efc4-gjvq.xml...
2014-03-21 13:38:38,375 - UNDP_extractor - INFO - data from Table 2: Human Development Index Trends extracted.
2014-03-21 13:38:38,375 - UNDP_extractor - INFO - Data extraction from UNDP done.
2014-03-21 13:39:02,628 - UNDP_extractor - INFO - Initializing data extraction from UNDP...
2014-03-21 13:39:02,628 - UNDP_extractor - INFO - Extracting data form Table 2: Human Development Index Trends, with URL http://data.undp.org/resource/efc4-gjvq.xml...
2014-03-21 13:39:05,214 - UNDP_extractor - INFO - data from Table 2: Human Development Index Trends extracted.
2014-03-21 13:39:05,214 - UNDP_extractor - INFO - Data extraction from UNDP done.
2014-03-21 13:39:53,341 - UNDP_extractor - INFO - Initializing data extraction from UNDP...
2014-03-21 13:39:53,341 - UNDP_extractor - INFO - Extracting data form Table 2: Human Development Index Trends, with URL http://data.undp.org/resource/efc4-gjvq.xml...
2014-03-21 13:39:56,028 - UNDP_extractor - INFO - data from Table 2: Human Development Index Trends extracted.
2014-03-21 13:39:56,028 - UNDP_extractor - INFO - Data extraction from UNDP done.
2014-03-21 13:40:26,838 - UNDP_extractor - INFO - Initializing data extraction from UNDP...
2014-03-21 13:40:26,839 - UNDP_extractor - INFO - Extracting data form Table 2: Human Development Index Trends, with URL http://data.undp.org/resource/efc4-gjvq.xml...
2014-03-21 13:40:29,436 - UNDP_extractor - INFO - data from Table 2: Human Development Index Trends extracted.
2014-03-21 13:40:29,436 - UNDP_extractor - INFO - Data extraction from UNDP done.
2014-03-21 13:41:21,427 - UNDP_extractor - INFO - Initializing data extraction from UNDP...
2014-03-21 13:41:21,427 - UNDP_extractor - INFO - Extracting data form Table 2: Human Development Index Trends, with URL http://data.undp.org/resource/efc4-gjvq.xml...
2014-03-21 13:41:24,128 - UNDP_extractor - INFO - data from Table 2: Human Development Index Trends extracted.
2014-03-21 13:41:24,128 - UNDP_extractor - INFO - Data extraction from UNDP done.
2014-03-21 13:41:24,638 - UNDP_extractor - INFO - Ignoring row node. This is the message thrown by the app: 
2014-03-21 13:41:24,668 - UNDP_extractor - INFO - Ignoring row node. This is the message thrown by the app: 
2014-03-21 13:41:24,706 - UNDP_extractor - INFO - Ignoring row node. This is the message thrown by the app: 
2014-03-21 13:41:24,739 - UNDP_extractor - INFO - Ignoring row node. This is the message thrown by the app: 
2014-03-21 13:41:24,772 - UNDP_extractor - INFO - Ignoring row node. This is the message thrown by the app: 
2014-03-21 13:41:24,803 - UNDP_extractor - INFO - Ignoring row node. This is the message thrown by the app: 
2014-03-21 13:41:24,835 - UNDP_extractor - INFO - Ignoring row node. This is the message thrown by the app: 
2014-03-21 13:41:24,871 - UNDP_extractor - INFO - Ignoring row node. This is the message thrown by the app: 
2014-03-21 13:41:24,907 - UNDP_extractor - INFO - Ignoring row node. This is the message thrown by the app: 
2014-03-21 13:41:24,940 - UNDP_extractor - INFO - Ignoring row node. This is the message thrown by the app: 
2014-03-21 13:41:24,974 - UNDP_extractor - INFO - Ignoring row node. This is the message thrown by the app: 
2014-03-21 13:41:25,007 - UNDP_extractor - INFO - Ignoring row node. This is the message thrown by the app: 
2014-03-21 13:41:25,039 - UNDP_extractor - INFO - Ignoring row node. This is the message thrown by the app: 
2014-03-21 13:41:47,542 - UNDP_extractor - INFO - Initializing data extraction from UNDP...
2014-03-21 13:41:47,542 - UNDP_extractor - INFO - Extracting data form Table 2: Human Development Index Trends, with URL http://data.undp.org/resource/efc4-gjvq.xml...
2014-03-21 13:41:50,552 - UNDP_extractor - INFO - data from Table 2: Human Development Index Trends extracted.
2014-03-21 13:41:50,552 - UNDP_extractor - INFO - Data extraction from UNDP done.
2014-03-21 13:41:51,092 - UNDP_extractor - INFO - Ignoring row node. This is the message thrown by the app: 
2014-03-21 13:41:51,124 - UNDP_extractor - INFO - Ignoring row node. This is the message thrown by the app: 
2014-03-21 13:41:51,167 - UNDP_extractor - INFO - Ignoring row node. This is the message thrown by the app: 
2014-03-21 13:41:51,201 - UNDP_extractor - INFO - Ignoring row node. This is the message thrown by the app: 
2014-03-21 13:41:51,233 - UNDP_extractor - INFO - Ignoring row node. This is the message thrown by the app: 
2014-03-21 13:41:51,265 - UNDP_extractor - INFO - Ignoring row node. This is the message thrown by the app: 
2014-03-21 13:41:51,296 - UNDP_extractor - INFO - Ignoring row node. This is the message thrown by the app: 
2014-03-21 13:41:51,328 - UNDP_extractor - INFO - Ignoring row node. This is the message thrown by the app: 
2014-03-21 13:41:51,358 - UNDP_extractor - INFO - Ignoring row node. This is the message thrown by the app: 
2014-03-21 13:41:51,390 - UNDP_extractor - INFO - Ignoring row node. This is the message thrown by the app: 
2014-03-21 13:41:51,421 - UNDP_extractor - INFO - Ignoring row node. This is the message thrown by the app: 
2014-03-21 13:41:51,451 - UNDP_extractor - INFO - Ignoring row node. This is the message thrown by the app: 
2014-03-21 13:41:51,482 - UNDP_extractor - INFO - Ignoring row node. This is the message thrown by the app: 
2014-03-21 13:45:05,141 - UNDP_extractor - INFO - Initializing data extraction from UNDP...
2014-03-21 13:45:05,141 - UNDP_extractor - INFO - Extracting data form Table 2: Human Development Index Trends, with URL http://data.undp.org/resource/efc4-gjvq.xml...
2014-03-21 13:45:08,621 - UNDP_extractor - INFO - data from Table 2: Human Development Index Trends extracted.
2014-03-21 13:45:08,621 - UNDP_extractor - INFO - Data extraction from UNDP done.
2014-03-21 13:45:09,177 - UNDP_extractor - INFO - Ignoring row node. This is the message thrown by the app: 
2014-03-21 13:45:09,213 - UNDP_extractor - INFO - Ignoring row node. This is the message thrown by the app: 
2014-03-21 13:45:09,257 - UNDP_extractor - INFO - Ignoring row node. This is the message thrown by the app: 
2014-03-21 13:45:09,292 - UNDP_extractor - INFO - Ignoring row node. This is the message thrown by the app: 
2014-03-21 13:45:09,325 - UNDP_extractor - INFO - Ignoring row node. This is the message thrown by the app: 
2014-03-21 13:45:09,355 - UNDP_extractor - INFO - Ignoring row node. This is the message thrown by the app: 
2014-03-21 13:45:09,388 - UNDP_extractor - INFO - Ignoring row node. This is the message thrown by the app: 
2014-03-21 13:45:09,418 - UNDP_extractor - INFO - Ignoring row node. This is the message thrown by the app: 
2014-03-21 13:45:09,451 - UNDP_extractor - INFO - Ignoring row node. This is the message thrown by the app: 
2014-03-21 13:45:09,483 - UNDP_extractor - INFO - Ignoring row node. This is the message thrown by the app: 
2014-03-21 13:45:09,515 - UNDP_extractor - INFO - Ignoring row node. This is the message thrown by the app: 
2014-03-21 13:45:09,546 - UNDP_extractor - INFO - Ignoring row node. This is the message thrown by the app: 
2014-03-21 13:45:09,579 - UNDP_extractor - INFO - Ignoring row node. This is the message thrown by the app: 
2014-03-21 13:49:14,301 - UNDP_extractor - INFO - Initializing data extraction from UNDP...
2014-03-21 13:49:14,301 - UNDP_extractor - INFO - Extracting data form Table 2: Human Development Index Trends, with URL http://data.undp.org/resource/efc4-gjvq.xml...
2014-03-21 13:49:19,164 - UNDP_extractor - INFO - data from Table 2: Human Development Index Trends extracted.
2014-03-21 13:49:19,164 - UNDP_extractor - INFO - Data extraction from UNDP done.
2014-03-21 13:49:19,703 - UNDP_extractor - INFO - Ignoring row node. This is the message thrown by the app: 
2014-03-21 13:49:19,733 - UNDP_extractor - INFO - Ignoring row node. This is the message thrown by the app: 
2014-03-21 13:49:19,772 - UNDP_extractor - INFO - Ignoring row node. This is the message thrown by the app: 
2014-03-21 13:49:19,803 - UNDP_extractor - INFO - Ignoring row node. This is the message thrown by the app: 
2014-03-21 13:49:19,835 - UNDP_extractor - INFO - Ignoring row node. This is the message thrown by the app: 
2014-03-21 13:49:19,865 - UNDP_extractor - INFO - Ignoring row node. This is the message thrown by the app: 
2014-03-21 13:49:19,898 - UNDP_extractor - INFO - Ignoring row node. This is the message thrown by the app: 
2014-03-21 13:49:19,930 - UNDP_extractor - INFO - Ignoring row node. This is the message thrown by the app: 
2014-03-21 13:49:19,961 - UNDP_extractor - INFO - Ignoring row node. This is the message thrown by the app: 
2014-03-21 13:49:19,993 - UNDP_extractor - INFO - Ignoring row node. This is the message thrown by the app: 
2014-03-21 13:49:20,023 - UNDP_extractor - INFO - Ignoring row node. This is the message thrown by the app: 
2014-03-21 13:49:20,055 - UNDP_extractor - INFO - Ignoring row node. This is the message thrown by the app: 
2014-03-21 13:49:20,085 - UNDP_extractor - INFO - Ignoring row node. This is the message thrown by the app: 
2014-03-21 13:53:17,382 - UNDP_extractor - INFO - Initializing data extraction from UNDP...
2014-03-21 13:53:17,384 - UNDP_extractor - INFO - Extracting data form Table 2: Human Development Index Trends, with URL http://data.undp.org/resource/efc4-gjvq.xml...
2014-03-21 13:53:19,980 - UNDP_extractor - INFO - data from Table 2: Human Development Index Trends extracted.
2014-03-21 13:53:19,980 - UNDP_extractor - INFO - Data extraction from UNDP done.
2014-03-21 13:53:20,522 - UNDP_extractor - INFO - Ignoring row node. This is the message thrown by the app: 
2014-03-21 13:53:20,555 - UNDP_extractor - INFO - Ignoring row node. This is the message thrown by the app: 
2014-03-21 13:53:20,599 - UNDP_extractor - INFO - Ignoring row node. This is the message thrown by the app: 
2014-03-21 13:53:20,638 - UNDP_extractor - INFO - Ignoring row node. This is the message thrown by the app: 
2014-03-21 13:53:20,670 - UNDP_extractor - INFO - Ignoring row node. This is the message thrown by the app: 
2014-03-21 13:53:20,703 - UNDP_extractor - INFO - Ignoring row node. This is the message thrown by the app: 
2014-03-21 13:53:20,734 - UNDP_extractor - INFO - Ignoring row node. This is the message thrown by the app: 
2014-03-21 13:53:20,767 - UNDP_extractor - INFO - Ignoring row node. This is the message thrown by the app: 
2014-03-21 13:53:20,802 - UNDP_extractor - INFO - Ignoring row node. This is the message thrown by the app: 
2014-03-21 13:53:20,844 - UNDP_extractor - INFO - Ignoring row node. This is the message thrown by the app: 
2014-03-21 13:53:20,875 - UNDP_extractor - INFO - Ignoring row node. This is the message thrown by the app: 
2014-03-21 13:53:20,908 - UNDP_extractor - INFO - Ignoring row node. This is the message thrown by the app: 
2014-03-21 13:53:20,941 - UNDP_extractor - INFO - Ignoring row node. This is the message thrown by the app: 
2014-03-21 13:53:55,086 - UNDP_extractor - INFO - Initializing data extraction from UNDP...
2014-03-21 13:53:55,086 - UNDP_extractor - INFO - Extracting data form Table 2: Human Development Index Trends, with URL http://data.undp.org/resource/efc4-gjvq.xml...
2014-03-21 13:53:57,595 - UNDP_extractor - INFO - data from Table 2: Human Development Index Trends extracted.
2014-03-21 13:53:57,595 - UNDP_extractor - INFO - Data extraction from UNDP done.
2014-03-21 13:53:58,164 - UNDP_extractor - INFO - Ignoring row node. This is the message thrown by the app: 
2014-03-21 13:53:58,197 - UNDP_extractor - INFO - Ignoring row node. This is the message thrown by the app: 
2014-03-21 13:53:58,243 - UNDP_extractor - INFO - Ignoring row node. This is the message thrown by the app: 
2014-03-21 13:53:58,276 - UNDP_extractor - INFO - Ignoring row node. This is the message thrown by the app: 
2014-03-21 13:53:58,306 - UNDP_extractor - INFO - Ignoring row node. This is the message thrown by the app: 
2014-03-21 13:53:58,341 - UNDP_extractor - INFO - Ignoring row node. This is the message thrown by the app: 
2014-03-21 13:53:58,371 - UNDP_extractor - INFO - Ignoring row node. This is the message thrown by the app: 
2014-03-21 13:53:58,401 - UNDP_extractor - INFO - Ignoring row node. This is the message thrown by the app: 
2014-03-21 13:53:58,441 - UNDP_extractor - INFO - Ignoring row node. This is the message thrown by the app: 
2014-03-21 13:53:58,474 - UNDP_extractor - INFO - Ignoring row node. This is the message thrown by the app: 
2014-03-21 13:53:58,516 - UNDP_extractor - INFO - Ignoring row node. This is the message thrown by the app: 
2014-03-21 13:53:58,558 - UNDP_extractor - INFO - Ignoring row node. This is the message thrown by the app: 
2014-03-21 13:53:58,608 - UNDP_extractor - INFO - Ignoring row node. This is the message thrown by the app: 
2014-03-21 13:55:47,079 - UNDP_extractor - INFO - Initializing data extraction from UNDP...
2014-03-21 13:55:47,079 - UNDP_extractor - INFO - Extracting data form Table 2: Human Development Index Trends, with URL http://data.undp.org/resource/efc4-gjvq.xml...
2014-03-21 13:55:49,523 - UNDP_extractor - INFO - data from Table 2: Human Development Index Trends extracted.
2014-03-21 13:55:49,523 - UNDP_extractor - INFO - Data extraction from UNDP done.
2014-03-21 13:55:50,072 - UNDP_extractor - INFO - Ignoring row node. This is the message thrown by the app: 
2014-03-21 13:55:50,105 - UNDP_extractor - INFO - Ignoring row node. This is the message thrown by the app: 
2014-03-21 13:55:50,151 - UNDP_extractor - INFO - Ignoring row node. This is the message thrown by the app: 
2014-03-21 13:55:50,183 - UNDP_extractor - INFO - Ignoring row node. This is the message thrown by the app: 
2014-03-21 13:55:50,214 - UNDP_extractor - INFO - Ignoring row node. This is the message thrown by the app: 
2014-03-21 13:55:50,246 - UNDP_extractor - INFO - Ignoring row node. This is the message thrown by the app: 
2014-03-21 13:55:50,278 - UNDP_extractor - INFO - Ignoring row node. This is the message thrown by the app: 
2014-03-21 13:55:50,309 - UNDP_extractor - INFO - Ignoring row node. This is the message thrown by the app: 
2014-03-21 13:55:50,341 - UNDP_extractor - INFO - Ignoring row node. This is the message thrown by the app: 
2014-03-21 13:55:50,371 - UNDP_extractor - INFO - Ignoring row node. This is the message thrown by the app: 
2014-03-21 13:55:50,403 - UNDP_extractor - INFO - Ignoring row node. This is the message thrown by the app: 
2014-03-21 13:55:50,434 - UNDP_extractor - INFO - Ignoring row node. This is the message thrown by the app: 
2014-03-21 13:55:50,464 - UNDP_extractor - INFO - Ignoring row node. This is the message thrown by the app: 
2014-03-21 13:56:37,421 - UNDP_extractor - INFO - Initializing data extraction from UNDP...
2014-03-21 13:56:37,421 - UNDP_extractor - INFO - Extracting data form Table 2: Human Development Index Trends, with URL http://data.undp.org/resource/efc4-gjvq.xml...
2014-03-21 13:56:45,010 - UNDP_extractor - INFO - data from Table 2: Human Development Index Trends extracted.
2014-03-21 13:56:45,010 - UNDP_extractor - INFO - Data extraction from UNDP done.
2014-03-21 13:56:45,555 - UNDP_extractor - INFO - Ignoring row node. This is the message thrown by the app: 
2014-03-21 13:56:45,595 - UNDP_extractor - INFO - Ignoring row node. This is the message thrown by the app: 
2014-03-21 13:56:45,628 - UNDP_extractor - INFO - Ignoring row node. This is the message thrown by the app: 
2014-03-21 13:56:45,657 - UNDP_extractor - INFO - Ignoring row node. This is the message thrown by the app: 
2014-03-21 13:56:45,690 - UNDP_extractor - INFO - Ignoring row node. This is the message thrown by the app: 
2014-03-21 13:56:45,721 - UNDP_extractor - INFO - Ignoring row node. This is the message thrown by the app: 
2014-03-21 13:56:45,753 - UNDP_extractor - INFO - Ignoring row node. This is the message thrown by the app: 
2014-03-21 13:56:45,783 - UNDP_extractor - INFO - Ignoring row node. This is the message thrown by the app: 
2014-03-21 13:56:45,815 - UNDP_extractor - INFO - Ignoring row node. This is the message thrown by the app: 
2014-03-21 13:56:45,846 - UNDP_extractor - INFO - Ignoring row node. This is the message thrown by the app: 
2014-03-21 13:56:45,878 - UNDP_extractor - INFO - Ignoring row node. This is the message thrown by the app: 
2014-03-21 13:56:45,911 - UNDP_extractor - INFO - Ignoring row node. This is the message thrown by the app: 
2014-03-21 13:56:45,940 - UNDP_extractor - INFO - Ignoring row node. This is the message thrown by the app: 
2014-03-21 13:57:30,986 - UNDP_extractor - INFO - Initializing data extraction from UNDP...
2014-03-21 13:57:30,986 - UNDP_extractor - INFO - Extracting data form Table 2: Human Development Index Trends, with URL http://data.undp.org/resource/efc4-gjvq.xml...
2014-03-21 13:57:36,489 - UNDP_extractor - INFO - data from Table 2: Human Development Index Trends extracted.
2014-03-21 13:57:36,489 - UNDP_extractor - INFO - Data extraction from UNDP done.
2014-03-21 13:57:46,964 - UNDP_extractor - INFO - Initializing data extraction from UNDP...
2014-03-21 13:57:46,964 - UNDP_extractor - INFO - Extracting data form Table 2: Human Development Index Trends, with URL http://data.undp.org/resource/efc4-gjvq.xml...
2014-03-21 13:57:51,096 - UNDP_extractor - INFO - data from Table 2: Human Development Index Trends extracted.
2014-03-21 13:57:51,098 - UNDP_extractor - INFO - Data extraction from UNDP done.
2014-03-21 13:58:16,619 - UNDP_extractor - INFO - Initializing data extraction from UNDP...
2014-03-21 13:58:16,619 - UNDP_extractor - INFO - Extracting data form Table 2: Human Development Index Trends, with URL http://data.undp.org/resource/efc4-gjvq.xml...
2014-03-21 13:58:21,292 - UNDP_extractor - INFO - data from Table 2: Human Development Index Trends extracted.
2014-03-21 13:58:21,292 - UNDP_extractor - INFO - Data extraction from UNDP done.
2014-03-21 13:58:21,831 - UNDP_extractor - INFO - Ignoring row node. This is the message thrown by the app: 
2014-03-21 13:58:21,864 - UNDP_extractor - INFO - Ignoring row node. This is the message thrown by the app: 
2014-03-21 13:58:21,904 - UNDP_extractor - INFO - Ignoring row node. This is the message thrown by the app: 
2014-03-21 13:58:21,937 - UNDP_extractor - INFO - Ignoring row node. This is the message thrown by the app: 
2014-03-21 13:58:21,970 - UNDP_extractor - INFO - Ignoring row node. This is the message thrown by the app: 
2014-03-21 13:58:22,003 - UNDP_extractor - INFO - Ignoring row node. This is the message thrown by the app: 
2014-03-21 13:58:22,036 - UNDP_extractor - INFO - Ignoring row node. This is the message thrown by the app: 
2014-03-21 13:58:22,069 - UNDP_extractor - INFO - Ignoring row node. This is the message thrown by the app: 
2014-03-21 13:58:22,102 - UNDP_extractor - INFO - Ignoring row node. This is the message thrown by the app: 
2014-03-21 13:58:22,137 - UNDP_extractor - INFO - Ignoring row node. This is the message thrown by the app: 
2014-03-21 13:58:22,168 - UNDP_extractor - INFO - Ignoring row node. This is the message thrown by the app: 
2014-03-21 13:58:22,200 - UNDP_extractor - INFO - Ignoring row node. This is the message thrown by the app: 
2014-03-21 13:58:22,233 - UNDP_extractor - INFO - Ignoring row node. This is the message thrown by the app: 
