2014-06-02 11:08:04,463 - ipfriextractor - INFO - Initializing data extraction from IPFRI...
2014-06-02 11:08:04,464 - ipfriextractor - INFO - Tracking data from http://www.ifpri.org/sites/default/files/ghi2012datam.xlsx ...
2014-06-02 11:08:05,079 - ipfriextractor - INFO - Tracking data from http://www.ifpri.org/sites/default/files/ghi2012datam.xlsx ended.
2014-06-02 11:08:05,081 - ipfriextractor - INFO - Tracking data from http://www.ifpri.org/sites/default/files/ghi2013datam.xlsx ...
2014-06-02 11:08:06,698 - ipfriextractor - INFO - Tracking data from http://www.ifpri.org/sites/default/files/ghi2013datam.xlsx ended.
2014-06-02 11:08:06,700 - ipfriextractor - INFO - Data extraction from IPFRI ended
2014-06-02 11:08:09,585 - ipfriextractor - ERROR - While trying to introduce raw info into our model: While trying to turn model objects into xml: Error while persisting the builded xml. 
2014-06-02 11:14:01,374 - ipfriextractor - INFO - Initializing data extraction from IPFRI...
2014-06-02 11:14:01,374 - ipfriextractor - INFO - Tracking data from http://www.ifpri.org/sites/default/files/ghi2012datam.xlsx ...
2014-06-02 11:14:02,292 - ipfriextractor - INFO - Tracking data from http://www.ifpri.org/sites/default/files/ghi2012datam.xlsx ended.
2014-06-02 11:14:02,292 - ipfriextractor - INFO - Tracking data from http://www.ifpri.org/sites/default/files/ghi2013datam.xlsx ...
2014-06-02 11:14:04,233 - ipfriextractor - INFO - Tracking data from http://www.ifpri.org/sites/default/files/ghi2013datam.xlsx ended.
2014-06-02 11:14:04,233 - ipfriextractor - INFO - Data extraction from IPFRI ended
2014-06-02 11:14:07,059 - ipfriextractor - ERROR - While trying to introduce raw info into our model: While trying to turn model objects into xml: Error while persisting the builded xml. 
2014-06-02 11:19:29,351 - ipfriextractor - INFO - Initializing data extraction from IPFRI...
2014-06-02 11:19:29,351 - ipfriextractor - INFO - Tracking data from http://www.ifpri.org/sites/default/files/ghi2012datam.xlsx ...
2014-06-02 11:19:29,999 - ipfriextractor - INFO - Tracking data from http://www.ifpri.org/sites/default/files/ghi2012datam.xlsx ended.
2014-06-02 11:19:30,000 - ipfriextractor - INFO - Tracking data from http://www.ifpri.org/sites/default/files/ghi2013datam.xlsx ...
2014-06-02 11:19:31,484 - ipfriextractor - INFO - Tracking data from http://www.ifpri.org/sites/default/files/ghi2013datam.xlsx ended.
2014-06-02 11:19:31,486 - ipfriextractor - INFO - Data extraction from IPFRI ended
2014-06-02 11:19:34,321 - ipfriextractor - ERROR - While trying to introduce raw info into our model: While trying to turn model objects into xml: print_exception() takes at least 3 arguments (1 given)
2014-06-02 11:21:31,184 - ipfriextractor - INFO - Initializing data extraction from IPFRI...
2014-06-02 11:21:31,184 - ipfriextractor - INFO - Tracking data from http://www.ifpri.org/sites/default/files/ghi2012datam.xlsx ...
2014-06-02 11:21:31,605 - ipfriextractor - INFO - Tracking data from http://www.ifpri.org/sites/default/files/ghi2012datam.xlsx ended.
2014-06-02 11:21:31,605 - ipfriextractor - INFO - Tracking data from http://www.ifpri.org/sites/default/files/ghi2013datam.xlsx ...
2014-06-02 11:21:33,190 - ipfriextractor - INFO - Tracking data from http://www.ifpri.org/sites/default/files/ghi2013datam.xlsx ended.
2014-06-02 11:21:33,190 - ipfriextractor - INFO - Data extraction from IPFRI ended
2014-06-02 11:21:35,954 - ipfriextractor - ERROR - While trying to introduce raw info into our model: While trying to turn model objects into xml: Error while persisting the builded xml. 
2014-06-02 11:23:33,505 - ipfriextractor - INFO - Initializing data extraction from IPFRI...
2014-06-02 11:23:33,506 - ipfriextractor - INFO - Tracking data from http://www.ifpri.org/sites/default/files/ghi2012datam.xlsx ...
2014-06-02 11:23:33,948 - ipfriextractor - INFO - Tracking data from http://www.ifpri.org/sites/default/files/ghi2012datam.xlsx ended.
2014-06-02 11:23:33,948 - ipfriextractor - INFO - Tracking data from http://www.ifpri.org/sites/default/files/ghi2013datam.xlsx ...
2014-06-02 11:23:35,532 - ipfriextractor - INFO - Tracking data from http://www.ifpri.org/sites/default/files/ghi2013datam.xlsx ended.
2014-06-02 11:23:35,532 - ipfriextractor - INFO - Data extraction from IPFRI ended
2014-06-02 11:23:38,979 - ipfriextractor - INFO - Final xml succesfully sent to the Receiver module
