2014-01-20 18:52:37,875 - faostatlog - INFO - Downloading data from http://faostat.fao.org/Portals/_Faostat/Downloads/zip_files/Resources_Land_E_All_Data.zip
2014-01-20 18:52:39,466 - faostatlog - INFO - Data downloaded. Writing to disk...
2014-01-20 19:00:56,552 - faostatlog - INFO - Starting process...
2014-01-20 19:00:56,552 - faostatlog - INFO - Downloading data from http://faostat.fao.org/Portals/_Faostat/Downloads/zip_files/Resources_Land_E_All_Data.zip
2014-01-20 19:00:58,023 - faostatlog - INFO - Data downloaded. Writing to disk...
2014-01-20 19:00:58,023 - faostatlog - ERROR - Unable save data from http://faostat.fao.org/Portals/_Faostat/Downloads/zip_files/Resources_Land_E_All_Data.zip. Cause: <type 'exceptions.IOError'>
2014-01-20 19:01:24,171 - faostatlog - INFO - Starting process...
2014-01-20 19:01:24,171 - faostatlog - INFO - Downloading data from http://faostat.fao.org/Portals/_Faostat/Downloads/zip_files/Resources_Land_E_All_Data.zip
2014-01-20 19:01:25,174 - faostatlog - INFO - Data downloaded. Writing to disk...
2014-01-20 19:01:25,176 - faostatlog - ERROR - Unable save data from http://faostat.fao.org/Portals/_Faostat/Downloads/zip_files/Resources_Land_E_All_Data.zip. Cause: <type 'exceptions.IOError'>
2014-01-20 19:02:46,655 - faostatlog - INFO - Starting process...
2014-01-20 19:02:46,655 - faostatlog - INFO - Downloading data from http://faostat.fao.org/Portals/_Faostat/Downloads/zip_files/Resources_Land_E_All_Data.zip
2014-01-20 19:02:47,673 - faostatlog - INFO - Data downloaded. Writing to disk...
2014-01-20 19:02:47,674 - faostatlog - ERROR - Unable to save data from http://faostat.fao.org/Portals/_Faostat/Downloads/zip_files/Resources_Land_E_All_Data.zip. Cause: <type 'exceptions.IOError'>
2014-01-20 19:03:25,073 - faostatlog - INFO - Starting process...
2014-01-20 19:03:25,073 - faostatlog - INFO - Downloading data from http://faostat.fao.org/Portals/_Faostat/Downloads/zip_files/Resources_Land_E_All_Data.zip
2014-01-20 19:03:26,038 - faostatlog - INFO - Data downloaded. Writing to disk...
2014-01-20 19:03:26,039 - faostatlog - INFO - Data written in disk
2014-01-20 19:03:26,039 - faostatlog - INFO - Extracting data from zip file...
2014-01-20 19:03:26,177 - faostatlog - INFO - Data extracted to ../../../dowloaded_data/database_extracted
2014-01-20 19:03:26,177 - faostatlog - INFO - Proccess succesfully ended
2014-01-20 19:06:18,073 - faostatlog - INFO - Starting process...
2014-01-20 19:06:18,073 - faostatlog - INFO - Downloading data from http://faostat.fao.org/Portals/_Faostat/Downloads/zip_files/Resources_Land_E_All_Data.zip
2014-01-20 19:06:19,569 - faostatlog - INFO - Data downloaded. Writing to disk...
2014-01-20 19:06:19,571 - faostatlog - INFO - Data written in disk
2014-01-20 19:06:19,571 - faostatlog - INFO - Extracting data from zip file...
2014-01-20 19:06:19,690 - faostatlog - INFO - Data extracted to ../../../downloaded_data/database_extracted
2014-01-20 19:06:19,690 - faostatlog - INFO - Proccess succesfully ended
